#
# A fatal error has been detected by the Java Runtime Environment:
#
#  SIGSEGV (0xb) at pc=0x00007f4d2f625800, pid=23152, tid=23154
#
# JRE version: OpenJDK Runtime Environment (11.0.10+9) (build 11.0.10+9-Ubuntu-0ubuntu1.20.04)
# Java VM: OpenJDK 64-Bit Server VM (11.0.10+9-Ubuntu-0ubuntu1.20.04, mixed mode, sharing, tiered, compressed oops, g1 gc, linux-amd64)
# Problematic frame:
# C  [libglfw.so+0x14800]
#
# Core dump will be written. Default location: Core dumps may be processed with "/usr/share/apport/apport %p %s %c %d %P %E" (or dumping to /home/daniel/ideaprojects/Spaghetti-Sprawl/core.23152)
#
# If you would like to submit a bug report, please visit:
#   https://bugs.launchpad.net/ubuntu/+source/openjdk-lts
# The crash happened outside the Java Virtual Machine in native code.
# See problematic frame for where to report the bug.
#

---------------  S U M M A R Y ------------

Command Line: -Dfile.encoding=UTF-8 -Duser.country=GB -Duser.language=en -Duser.variant -ea Main

Host: AMD Ryzen 3 3100 4-Core Processor, 8 cores, 15G, Ubuntu 20.04.2 LTS
Time: Sat Feb 13 16:55:04 2021 GMT elapsed time: 0.215299 seconds (0d 0h 0m 0s)

---------------  T H R E A D  ---------------

Current thread (0x00007f4d7c017000):  JavaThread "main" [_thread_in_native, id=23154, stack(0x00007f4d81871000,0x00007f4d81972000)]

Stack: [0x00007f4d81871000,0x00007f4d81972000],  sp=0x00007f4d8196ff90,  free space=1019k
Native frames: (J=compiled Java code, A=aot compiled Java code, j=interpreted, Vv=VM code, C=native code)
C  [libglfw.so+0x14800]

Java frames: (J=compiled Java code, j=interpreted, Vv=VM code)
j  org.lwjgl.system.JNI.invokePPPP(IIJJJJ)J+0
j  org.lwjgl.glfw.GLFW.nglfwCreateWindow(IIJJJ)J+14
j  org.lwjgl.glfw.GLFW.glfwCreateWindow(IILjava/lang/CharSequence;JJ)J+37
j  Engine.Window.init()V+62
j  Engine.Window.run()V+15
j  Main.main([Ljava/lang/String;)V+5
v  ~StubRoutines::call_stub

siginfo: si_signo: 11 (SIGSEGV), si_code: 1 (SEGV_MAPERR), si_addr: 0x00000000000000a1

Register to memory mapping:

RAX=0x0000000000000001 is an unknown value
RBX=0x00007f4d2f855260: <offset 0x0000000000244260> in /tmp/lwjgldaniel/3.2.3-build-13/libglfw.so at 0x00007f4d2f611000
RCX=0x0 is NULL
RDX=0x00000000000001cd is an unknown value
RSP=0x00007f4d8196ff90 is pointing into the stack for thread: 0x00007f4d7c017000
RBP=0x00007f4d7c42bb30 points into unknown readable memory: 0x0000000000000000 | 00 00 00 00 00 00 00 00
RSI=0x0000000000000001 is an unknown value
RDI=0x00007f4d7c42bb30 points into unknown readable memory: 0x0000000000000000 | 00 00 00 00 00 00 00 00
R8 =0x0 is NULL
R9 =0x000000000000000f is an unknown value
R10=0x0 is NULL
R11=0x0 is NULL
R12=0x00007f4d81970170 is pointing into the stack for thread: 0x00007f4d7c017000
R13=0x00007f4d81970250 is pointing into the stack for thread: 0x00007f4d7c017000
R14=0x00007f4d7c4bfec0 points into unknown readable memory: 0x3733393533383037 | 37 30 38 33 35 39 33 37
R15=0x00007f4d2f855260: <offset 0x0000000000244260> in /tmp/lwjgldaniel/3.2.3-build-13/libglfw.so at 0x00007f4d2f611000


Registers:
RAX=0x0000000000000001, RBX=0x00007f4d2f855260, RCX=0x0000000000000000, RDX=0x00000000000001cd
RSP=0x00007f4d8196ff90, RBP=0x00007f4d7c42bb30, RSI=0x0000000000000001, RDI=0x00007f4d7c42bb30
R8 =0x0000000000000000, R9 =0x000000000000000f, R10=0x0000000000000000, R11=0x0000000000000000
R12=0x00007f4d81970170, R13=0x00007f4d81970250, R14=0x00007f4d7c4bfec0, R15=0x00007f4d2f855260
RIP=0x00007f4d2f625800, EFLAGS=0x0000000000010202, CSGSFS=0x002b000000000033, ERR=0x0000000000000004
  TRAPNO=0x000000000000000e

Top of Stack: (sp=0x00007f4d8196ff90)
0x00007f4d8196ff90:   00000000000001df 0000000000000001
0x00007f4d8196ffa0:   0000000000000001 00000000ffffffff
0x00007f4d8196ffb0:   0000000000000000 0000000000000000
0x00007f4d8196ffc0:   0000000004c00008 0000000000000000 

Instructions: (pc=0x00007f4d2f625800)
0x00007f4d2f625700:   89 34 24 41 b8 08 00 00 00 e8 c2 2e ff ff 48 8b
0x00007f4d2f625710:   55 40 48 8b 45 30 4c 8b 6d 38 e9 27 fd ff ff e8
0x00007f4d2f625720:   ac 2a ff ff 66 90 66 2e 0f 1f 84 00 00 00 00 00
0x00007f4d2f625730:   55 48 89 fd 53 48 81 ec 58 01 00 00 48 8d 1d 1d
0x00007f4d2f625740:   fb 22 00 64 48 8b 04 25 28 00 00 00 48 89 84 24
0x00007f4d2f625750:   48 01 00 00 31 c0 48 8b 47 40 48 85 c0 0f 84 0d
0x00007f4d2f625760:   02 00 00 8b b3 a0 06 02 00 85 f6 0f 85 7f 00 00
0x00007f4d2f625770:   00 48 8b 93 50 04 02 00 48 85 d2 74 10 48 8b b3
0x00007f4d2f625780:   60 04 02 00 48 85 f6 0f 85 53 01 00 00 48 8b b5
0x00007f4d2f625790:   48 03 00 00 48 8b bb c0 fe 01 00 48 8d 4c 24 10
0x00007f4d2f6257a0:   ba 00 02 00 00 c7 44 24 68 01 00 00 00 e8 2e 2b
0x00007f4d2f6257b0:   ff ff c7 85 58 03 00 00 01 00 00 00 8b 8d 64 03
0x00007f4d2f6257c0:   00 00 85 c9 0f 84 c6 00 00 00 48 8b 84 24 48 01
0x00007f4d2f6257d0:   00 00 64 48 33 04 25 28 00 00 00 0f 85 b7 02 00
0x00007f4d2f6257e0:   00 48 81 c4 58 01 00 00 5b 5d c3 0f 1f 44 00 00
0x00007f4d2f6257f0:   48 8b 93 88 04 02 00 48 85 d2 0f 84 71 ff ff ff
0x00007f4d2f625800:   48 63 b0 a0 00 00 00 4c 8b 87 48 03 00 00 48 8d
0x00007f4d2f625810:   bc 24 80 00 00 00 31 c0 b9 18 00 00 00 f3 48 ab
0x00007f4d2f625820:   48 8b bb c0 fe 01 00 4c 89 84 24 a0 00 00 00 4c
0x00007f4d2f625830:   8d 84 24 80 00 00 00 48 89 b4 24 b8 00 00 00 48
0x00007f4d2f625840:   89 b4 24 c0 00 00 00 b9 00 00 18 00 48 89 b4 24
0x00007f4d2f625850:   c8 00 00 00 48 89 b4 24 d0 00 00 00 48 8b b3 d0
0x00007f4d2f625860:   fe 01 00 48 89 94 24 a8 00 00 00 31 d2 c7 84 24
0x00007f4d2f625870:   80 00 00 00 21 00 00 00 c7 84 24 b0 00 00 00 20
0x00007f4d2f625880:   00 00 00 e8 f8 26 ff ff e9 e4 fe ff ff 0f 1f 00
0x00007f4d2f625890:   48 8b 93 80 04 02 00 48 8b b5 48 03 00 00 48 8d
0x00007f4d2f6258a0:   44 24 10 48 8b bb c0 fe 01 00 45 31 c9 c7 44 24
0x00007f4d2f6258b0:   08 01 00 00 00 48 89 04 24 41 b8 20 00 00 00 b9
0x00007f4d2f6258c0:   06 00 00 00 48 c7 44 24 10 01 00 00 00 e8 fe 2c
0x00007f4d2f6258d0:   ff ff e9 f3 fe ff ff 66 0f 1f 84 00 00 00 00 00
0x00007f4d2f6258e0:   4c 8b 85 48 03 00 00 48 8d bc 24 80 00 00 00 31
0x00007f4d2f6258f0:   c0 b9 18 00 00 00 f3 48 ab 48 89 b4 24 c0 00 00 


Stack slot to memory mapping:
stack at sp + 0 slots: 0x00000000000001df is an unknown value
stack at sp + 1 slots: 0x0000000000000001 is an unknown value
stack at sp + 2 slots: 0x0000000000000001 is an unknown value
stack at sp + 3 slots: 0x00000000ffffffff is an unknown value
stack at sp + 4 slots: 0x0 is NULL
stack at sp + 5 slots: 0x0 is NULL
stack at sp + 6 slots: 0x0000000004c00008 is an unknown value
stack at sp + 7 slots: 0x0 is NULL


---------------  P R O C E S S  ---------------

Threads class SMR info:
_java_thread_list=0x00007f4d7c246340, length=9, elements={
0x00007f4d7c017000, 0x00007f4d7c1d2000, 0x00007f4d7c1d4000, 0x00007f4d7c1d9800,
0x00007f4d7c1db800, 0x00007f4d7c1de000, 0x00007f4d7c1e0000, 0x00007f4d7c1e2000,
0x00007f4d7c245000
}

Java Threads: ( => current thread )
=>0x00007f4d7c017000 JavaThread "main" [_thread_in_native, id=23154, stack(0x00007f4d81871000,0x00007f4d81972000)]
  0x00007f4d7c1d2000 JavaThread "Reference Handler" daemon [_thread_blocked, id=23161, stack(0x00007f4d54880000,0x00007f4d54981000)]
  0x00007f4d7c1d4000 JavaThread "Finalizer" daemon [_thread_blocked, id=23162, stack(0x00007f4d5477f000,0x00007f4d54880000)]
  0x00007f4d7c1d9800 JavaThread "Signal Dispatcher" daemon [_thread_blocked, id=23163, stack(0x00007f4d5410e000,0x00007f4d5420f000)]
  0x00007f4d7c1db800 JavaThread "Service Thread" daemon [_thread_blocked, id=23164, stack(0x00007f4d5400d000,0x00007f4d5410e000)]
  0x00007f4d7c1de000 JavaThread "C2 CompilerThread0" daemon [_thread_blocked, id=23165, stack(0x00007f4d2feff000,0x00007f4d30000000)]
  0x00007f4d7c1e0000 JavaThread "C1 CompilerThread0" daemon [_thread_blocked, id=23166, stack(0x00007f4d2fdfe000,0x00007f4d2feff000)]
  0x00007f4d7c1e2000 JavaThread "Sweeper thread" daemon [_thread_blocked, id=23167, stack(0x00007f4d2fcfd000,0x00007f4d2fdfe000)]
  0x00007f4d7c245000 JavaThread "Common-Cleaner" daemon [_thread_blocked, id=23169, stack(0x00007f4d2fafa000,0x00007f4d2fbfb000)]

Other Threads:
  0x00007f4d7c1cf800 VMThread "VM Thread" [stack: 0x00007f4d54983000,0x00007f4d54a83000] [id=23160]
  0x00007f4d7c242800 WatcherThread [stack: 0x00007f4d2fbfd000,0x00007f4d2fcfd000] [id=23168]
  0x00007f4d7c02f800 GCTaskThread "GC Thread#0" [stack: 0x00007f4d81522000,0x00007f4d81622000] [id=23155]
  0x00007f4d7c08e000 ConcurrentGCThread "G1 Main Marker" [stack: 0x00007f4d80343000,0x00007f4d80443000] [id=23156]
  0x00007f4d7c090000 ConcurrentGCThread "G1 Conc#0" [stack: 0x00007f4d80241000,0x00007f4d80341000] [id=23157]
  0x00007f4d7c191800 ConcurrentGCThread "G1 Refine#0" [stack: 0x00007f4d55408000,0x00007f4d55508000] [id=23158]
  0x00007f4d7c193000 ConcurrentGCThread "G1 Young RemSet Sampling" [stack: 0x00007f4d55306000,0x00007f4d55406000] [id=23159]

Threads with active compile tasks:

VM state:not at safepoint (normal execution)

VM Mutex/Monitor currently owned by a thread: None

Heap address: 0x0000000705c00000, size: 4004 MB, Compressed Oops mode: Zero based, Oop shift amount: 3
Narrow klass base: 0x0000000800000000, Narrow klass shift: 3
Compressed class space size: 1073741824 Address: 0x0000000840000000

Heap:
 garbage-first heap   total 260096K, used 6856K [0x0000000705c00000, 0x0000000800000000)
  region size 1024K, 7 young (7168K), 0 survivors (0K)
 Metaspace       used 2250K, capacity 5480K, committed 5632K, reserved 1056768K
  class space    used 183K, capacity 509K, committed 512K, reserved 1048576K
Heap Regions: E=young(eden), S=young(survivor), O=old, HS=humongous(starts), HC=humongous(continues), CS=collection set, F=free, A=archive, TAMS=top-at-mark-start (previous, next)
|   0|0x0000000705c00000, 0x0000000705c00000, 0x0000000705d00000|  0%| F|  |TAMS 0x0000000705c00000, 0x0000000705c00000| Untracked 
|   1|0x0000000705d00000, 0x0000000705d00000, 0x0000000705e00000|  0%| F|  |TAMS 0x0000000705d00000, 0x0000000705d00000| Untracked 
|   2|0x0000000705e00000, 0x0000000705e00000, 0x0000000705f00000|  0%| F|  |TAMS 0x0000000705e00000, 0x0000000705e00000| Untracked 
|   3|0x0000000705f00000, 0x0000000705f00000, 0x0000000706000000|  0%| F|  |TAMS 0x0000000705f00000, 0x0000000705f00000| Untracked 
|   4|0x0000000706000000, 0x0000000706000000, 0x0000000706100000|  0%| F|  |TAMS 0x0000000706000000, 0x0000000706000000| Untracked 
|   5|0x0000000706100000, 0x0000000706100000, 0x0000000706200000|  0%| F|  |TAMS 0x0000000706100000, 0x0000000706100000| Untracked 
|   6|0x0000000706200000, 0x0000000706200000, 0x0000000706300000|  0%| F|  |TAMS 0x0000000706200000, 0x0000000706200000| Untracked 
|   7|0x0000000706300000, 0x0000000706300000, 0x0000000706400000|  0%| F|  |TAMS 0x0000000706300000, 0x0000000706300000| Untracked 
|   8|0x0000000706400000, 0x0000000706400000, 0x0000000706500000|  0%| F|  |TAMS 0x0000000706400000, 0x0000000706400000| Untracked 
|   9|0x0000000706500000, 0x0000000706500000, 0x0000000706600000|  0%| F|  |TAMS 0x0000000706500000, 0x0000000706500000| Untracked 
|  10|0x0000000706600000, 0x0000000706600000, 0x0000000706700000|  0%| F|  |TAMS 0x0000000706600000, 0x0000000706600000| Untracked 
|  11|0x0000000706700000, 0x0000000706700000, 0x0000000706800000|  0%| F|  |TAMS 0x0000000706700000, 0x0000000706700000| Untracked 
|  12|0x0000000706800000, 0x0000000706800000, 0x0000000706900000|  0%| F|  |TAMS 0x0000000706800000, 0x0000000706800000| Untracked 
|  13|0x0000000706900000, 0x0000000706900000, 0x0000000706a00000|  0%| F|  |TAMS 0x0000000706900000, 0x0000000706900000| Untracked 
|  14|0x0000000706a00000, 0x0000000706a00000, 0x0000000706b00000|  0%| F|  |TAMS 0x0000000706a00000, 0x0000000706a00000| Untracked 
|  15|0x0000000706b00000, 0x0000000706b00000, 0x0000000706c00000|  0%| F|  |TAMS 0x0000000706b00000, 0x0000000706b00000| Untracked 
|  16|0x0000000706c00000, 0x0000000706c00000, 0x0000000706d00000|  0%| F|  |TAMS 0x0000000706c00000, 0x0000000706c00000| Untracked 
|  17|0x0000000706d00000, 0x0000000706d00000, 0x0000000706e00000|  0%| F|  |TAMS 0x0000000706d00000, 0x0000000706d00000| Untracked 
|  18|0x0000000706e00000, 0x0000000706e00000, 0x0000000706f00000|  0%| F|  |TAMS 0x0000000706e00000, 0x0000000706e00000| Untracked 
|  19|0x0000000706f00000, 0x0000000706f00000, 0x0000000707000000|  0%| F|  |TAMS 0x0000000706f00000, 0x0000000706f00000| Untracked 
|  20|0x0000000707000000, 0x0000000707000000, 0x0000000707100000|  0%| F|  |TAMS 0x0000000707000000, 0x0000000707000000| Untracked 
|  21|0x0000000707100000, 0x0000000707100000, 0x0000000707200000|  0%| F|  |TAMS 0x0000000707100000, 0x0000000707100000| Untracked 
|  22|0x0000000707200000, 0x0000000707200000, 0x0000000707300000|  0%| F|  |TAMS 0x0000000707200000, 0x0000000707200000| Untracked 
|  23|0x0000000707300000, 0x0000000707300000, 0x0000000707400000|  0%| F|  |TAMS 0x0000000707300000, 0x0000000707300000| Untracked 
|  24|0x0000000707400000, 0x0000000707400000, 0x0000000707500000|  0%| F|  |TAMS 0x0000000707400000, 0x0000000707400000| Untracked 
|  25|0x0000000707500000, 0x0000000707500000, 0x0000000707600000|  0%| F|  |TAMS 0x0000000707500000, 0x0000000707500000| Untracked 
|  26|0x0000000707600000, 0x0000000707600000, 0x0000000707700000|  0%| F|  |TAMS 0x0000000707600000, 0x0000000707600000| Untracked 
|  27|0x0000000707700000, 0x0000000707700000, 0x0000000707800000|  0%| F|  |TAMS 0x0000000707700000, 0x0000000707700000| Untracked 
|  28|0x0000000707800000, 0x0000000707800000, 0x0000000707900000|  0%| F|  |TAMS 0x0000000707800000, 0x0000000707800000| Untracked 
|  29|0x0000000707900000, 0x0000000707900000, 0x0000000707a00000|  0%| F|  |TAMS 0x0000000707900000, 0x0000000707900000| Untracked 
|  30|0x0000000707a00000, 0x0000000707a00000, 0x0000000707b00000|  0%| F|  |TAMS 0x0000000707a00000, 0x0000000707a00000| Untracked 
|  31|0x0000000707b00000, 0x0000000707b00000, 0x0000000707c00000|  0%| F|  |TAMS 0x0000000707b00000, 0x0000000707b00000| Untracked 
|  32|0x0000000707c00000, 0x0000000707c00000, 0x0000000707d00000|  0%| F|  |TAMS 0x0000000707c00000, 0x0000000707c00000| Untracked 
|  33|0x0000000707d00000, 0x0000000707d00000, 0x0000000707e00000|  0%| F|  |TAMS 0x0000000707d00000, 0x0000000707d00000| Untracked 
|  34|0x0000000707e00000, 0x0000000707e00000, 0x0000000707f00000|  0%| F|  |TAMS 0x0000000707e00000, 0x0000000707e00000| Untracked 
|  35|0x0000000707f00000, 0x0000000707f00000, 0x0000000708000000|  0%| F|  |TAMS 0x0000000707f00000, 0x0000000707f00000| Untracked 
|  36|0x0000000708000000, 0x0000000708000000, 0x0000000708100000|  0%| F|  |TAMS 0x0000000708000000, 0x0000000708000000| Untracked 
|  37|0x0000000708100000, 0x0000000708100000, 0x0000000708200000|  0%| F|  |TAMS 0x0000000708100000, 0x0000000708100000| Untracked 
|  38|0x0000000708200000, 0x0000000708200000, 0x0000000708300000|  0%| F|  |TAMS 0x0000000708200000, 0x0000000708200000| Untracked 
|  39|0x0000000708300000, 0x0000000708300000, 0x0000000708400000|  0%| F|  |TAMS 0x0000000708300000, 0x0000000708300000| Untracked 
|  40|0x0000000708400000, 0x0000000708400000, 0x0000000708500000|  0%| F|  |TAMS 0x0000000708400000, 0x0000000708400000| Untracked 
|  41|0x0000000708500000, 0x0000000708500000, 0x0000000708600000|  0%| F|  |TAMS 0x0000000708500000, 0x0000000708500000| Untracked 
|  42|0x0000000708600000, 0x0000000708600000, 0x0000000708700000|  0%| F|  |TAMS 0x0000000708600000, 0x0000000708600000| Untracked 
|  43|0x0000000708700000, 0x0000000708700000, 0x0000000708800000|  0%| F|  |TAMS 0x0000000708700000, 0x0000000708700000| Untracked 
|  44|0x0000000708800000, 0x0000000708800000, 0x0000000708900000|  0%| F|  |TAMS 0x0000000708800000, 0x0000000708800000| Untracked 
|  45|0x0000000708900000, 0x0000000708900000, 0x0000000708a00000|  0%| F|  |TAMS 0x0000000708900000, 0x0000000708900000| Untracked 
|  46|0x0000000708a00000, 0x0000000708a00000, 0x0000000708b00000|  0%| F|  |TAMS 0x0000000708a00000, 0x0000000708a00000| Untracked 
|  47|0x0000000708b00000, 0x0000000708b00000, 0x0000000708c00000|  0%| F|  |TAMS 0x0000000708b00000, 0x0000000708b00000| Untracked 
|  48|0x0000000708c00000, 0x0000000708c00000, 0x0000000708d00000|  0%| F|  |TAMS 0x0000000708c00000, 0x0000000708c00000| Untracked 
|  49|0x0000000708d00000, 0x0000000708d00000, 0x0000000708e00000|  0%| F|  |TAMS 0x0000000708d00000, 0x0000000708d00000| Untracked 
|  50|0x0000000708e00000, 0x0000000708e00000, 0x0000000708f00000|  0%| F|  |TAMS 0x0000000708e00000, 0x0000000708e00000| Untracked 
|  51|0x0000000708f00000, 0x0000000708f00000, 0x0000000709000000|  0%| F|  |TAMS 0x0000000708f00000, 0x0000000708f00000| Untracked 
|  52|0x0000000709000000, 0x0000000709000000, 0x0000000709100000|  0%| F|  |TAMS 0x0000000709000000, 0x0000000709000000| Untracked 
|  53|0x0000000709100000, 0x0000000709100000, 0x0000000709200000|  0%| F|  |TAMS 0x0000000709100000, 0x0000000709100000| Untracked 
|  54|0x0000000709200000, 0x0000000709200000, 0x0000000709300000|  0%| F|  |TAMS 0x0000000709200000, 0x0000000709200000| Untracked 
|  55|0x0000000709300000, 0x0000000709300000, 0x0000000709400000|  0%| F|  |TAMS 0x0000000709300000, 0x0000000709300000| Untracked 
|  56|0x0000000709400000, 0x0000000709400000, 0x0000000709500000|  0%| F|  |TAMS 0x0000000709400000, 0x0000000709400000| Untracked 
|  57|0x0000000709500000, 0x0000000709500000, 0x0000000709600000|  0%| F|  |TAMS 0x0000000709500000, 0x0000000709500000| Untracked 
|  58|0x0000000709600000, 0x0000000709600000, 0x0000000709700000|  0%| F|  |TAMS 0x0000000709600000, 0x0000000709600000| Untracked 
|  59|0x0000000709700000, 0x0000000709700000, 0x0000000709800000|  0%| F|  |TAMS 0x0000000709700000, 0x0000000709700000| Untracked 
|  60|0x0000000709800000, 0x0000000709800000, 0x0000000709900000|  0%| F|  |TAMS 0x0000000709800000, 0x0000000709800000| Untracked 
|  61|0x0000000709900000, 0x0000000709900000, 0x0000000709a00000|  0%| F|  |TAMS 0x0000000709900000, 0x0000000709900000| Untracked 
|  62|0x0000000709a00000, 0x0000000709a00000, 0x0000000709b00000|  0%| F|  |TAMS 0x0000000709a00000, 0x0000000709a00000| Untracked 
|  63|0x0000000709b00000, 0x0000000709b00000, 0x0000000709c00000|  0%| F|  |TAMS 0x0000000709b00000, 0x0000000709b00000| Untracked 
|  64|0x0000000709c00000, 0x0000000709c00000, 0x0000000709d00000|  0%| F|  |TAMS 0x0000000709c00000, 0x0000000709c00000| Untracked 
|  65|0x0000000709d00000, 0x0000000709d00000, 0x0000000709e00000|  0%| F|  |TAMS 0x0000000709d00000, 0x0000000709d00000| Untracked 
|  66|0x0000000709e00000, 0x0000000709e00000, 0x0000000709f00000|  0%| F|  |TAMS 0x0000000709e00000, 0x0000000709e00000| Untracked 
|  67|0x0000000709f00000, 0x0000000709f00000, 0x000000070a000000|  0%| F|  |TAMS 0x0000000709f00000, 0x0000000709f00000| Untracked 
|  68|0x000000070a000000, 0x000000070a000000, 0x000000070a100000|  0%| F|  |TAMS 0x000000070a000000, 0x000000070a000000| Untracked 
|  69|0x000000070a100000, 0x000000070a100000, 0x000000070a200000|  0%| F|  |TAMS 0x000000070a100000, 0x000000070a100000| Untracked 
|  70|0x000000070a200000, 0x000000070a200000, 0x000000070a300000|  0%| F|  |TAMS 0x000000070a200000, 0x000000070a200000| Untracked 
|  71|0x000000070a300000, 0x000000070a300000, 0x000000070a400000|  0%| F|  |TAMS 0x000000070a300000, 0x000000070a300000| Untracked 
|  72|0x000000070a400000, 0x000000070a400000, 0x000000070a500000|  0%| F|  |TAMS 0x000000070a400000, 0x000000070a400000| Untracked 
|  73|0x000000070a500000, 0x000000070a500000, 0x000000070a600000|  0%| F|  |TAMS 0x000000070a500000, 0x000000070a500000| Untracked 
|  74|0x000000070a600000, 0x000000070a600000, 0x000000070a700000|  0%| F|  |TAMS 0x000000070a600000, 0x000000070a600000| Untracked 
|  75|0x000000070a700000, 0x000000070a700000, 0x000000070a800000|  0%| F|  |TAMS 0x000000070a700000, 0x000000070a700000| Untracked 
|  76|0x000000070a800000, 0x000000070a800000, 0x000000070a900000|  0%| F|  |TAMS 0x000000070a800000, 0x000000070a800000| Untracked 
|  77|0x000000070a900000, 0x000000070a900000, 0x000000070aa00000|  0%| F|  |TAMS 0x000000070a900000, 0x000000070a900000| Untracked 
|  78|0x000000070aa00000, 0x000000070aa00000, 0x000000070ab00000|  0%| F|  |TAMS 0x000000070aa00000, 0x000000070aa00000| Untracked 
|  79|0x000000070ab00000, 0x000000070ab00000, 0x000000070ac00000|  0%| F|  |TAMS 0x000000070ab00000, 0x000000070ab00000| Untracked 
|  80|0x000000070ac00000, 0x000000070ac00000, 0x000000070ad00000|  0%| F|  |TAMS 0x000000070ac00000, 0x000000070ac00000| Untracked 
|  81|0x000000070ad00000, 0x000000070ad00000, 0x000000070ae00000|  0%| F|  |TAMS 0x000000070ad00000, 0x000000070ad00000| Untracked 
|  82|0x000000070ae00000, 0x000000070ae00000, 0x000000070af00000|  0%| F|  |TAMS 0x000000070ae00000, 0x000000070ae00000| Untracked 
|  83|0x000000070af00000, 0x000000070af00000, 0x000000070b000000|  0%| F|  |TAMS 0x000000070af00000, 0x000000070af00000| Untracked 
|  84|0x000000070b000000, 0x000000070b000000, 0x000000070b100000|  0%| F|  |TAMS 0x000000070b000000, 0x000000070b000000| Untracked 
|  85|0x000000070b100000, 0x000000070b100000, 0x000000070b200000|  0%| F|  |TAMS 0x000000070b100000, 0x000000070b100000| Untracked 
|  86|0x000000070b200000, 0x000000070b200000, 0x000000070b300000|  0%| F|  |TAMS 0x000000070b200000, 0x000000070b200000| Untracked 
|  87|0x000000070b300000, 0x000000070b300000, 0x000000070b400000|  0%| F|  |TAMS 0x000000070b300000, 0x000000070b300000| Untracked 
|  88|0x000000070b400000, 0x000000070b400000, 0x000000070b500000|  0%| F|  |TAMS 0x000000070b400000, 0x000000070b400000| Untracked 
|  89|0x000000070b500000, 0x000000070b500000, 0x000000070b600000|  0%| F|  |TAMS 0x000000070b500000, 0x000000070b500000| Untracked 
|  90|0x000000070b600000, 0x000000070b600000, 0x000000070b700000|  0%| F|  |TAMS 0x000000070b600000, 0x000000070b600000| Untracked 
|  91|0x000000070b700000, 0x000000070b700000, 0x000000070b800000|  0%| F|  |TAMS 0x000000070b700000, 0x000000070b700000| Untracked 
|  92|0x000000070b800000, 0x000000070b800000, 0x000000070b900000|  0%| F|  |TAMS 0x000000070b800000, 0x000000070b800000| Untracked 
|  93|0x000000070b900000, 0x000000070b900000, 0x000000070ba00000|  0%| F|  |TAMS 0x000000070b900000, 0x000000070b900000| Untracked 
|  94|0x000000070ba00000, 0x000000070ba00000, 0x000000070bb00000|  0%| F|  |TAMS 0x000000070ba00000, 0x000000070ba00000| Untracked 
|  95|0x000000070bb00000, 0x000000070bb00000, 0x000000070bc00000|  0%| F|  |TAMS 0x000000070bb00000, 0x000000070bb00000| Untracked 
|  96|0x000000070bc00000, 0x000000070bc00000, 0x000000070bd00000|  0%| F|  |TAMS 0x000000070bc00000, 0x000000070bc00000| Untracked 
|  97|0x000000070bd00000, 0x000000070bd00000, 0x000000070be00000|  0%| F|  |TAMS 0x000000070bd00000, 0x000000070bd00000| Untracked 
|  98|0x000000070be00000, 0x000000070be00000, 0x000000070bf00000|  0%| F|  |TAMS 0x000000070be00000, 0x000000070be00000| Untracked 
|  99|0x000000070bf00000, 0x000000070bf00000, 0x000000070c000000|  0%| F|  |TAMS 0x000000070bf00000, 0x000000070bf00000| Untracked 
| 100|0x000000070c000000, 0x000000070c000000, 0x000000070c100000|  0%| F|  |TAMS 0x000000070c000000, 0x000000070c000000| Untracked 
| 101|0x000000070c100000, 0x000000070c100000, 0x000000070c200000|  0%| F|  |TAMS 0x000000070c100000, 0x000000070c100000| Untracked 
| 102|0x000000070c200000, 0x000000070c200000, 0x000000070c300000|  0%| F|  |TAMS 0x000000070c200000, 0x000000070c200000| Untracked 
| 103|0x000000070c300000, 0x000000070c300000, 0x000000070c400000|  0%| F|  |TAMS 0x000000070c300000, 0x000000070c300000| Untracked 
| 104|0x000000070c400000, 0x000000070c400000, 0x000000070c500000|  0%| F|  |TAMS 0x000000070c400000, 0x000000070c400000| Untracked 
| 105|0x000000070c500000, 0x000000070c500000, 0x000000070c600000|  0%| F|  |TAMS 0x000000070c500000, 0x000000070c500000| Untracked 
| 106|0x000000070c600000, 0x000000070c600000, 0x000000070c700000|  0%| F|  |TAMS 0x000000070c600000, 0x000000070c600000| Untracked 
| 107|0x000000070c700000, 0x000000070c700000, 0x000000070c800000|  0%| F|  |TAMS 0x000000070c700000, 0x000000070c700000| Untracked 
| 108|0x000000070c800000, 0x000000070c800000, 0x000000070c900000|  0%| F|  |TAMS 0x000000070c800000, 0x000000070c800000| Untracked 
| 109|0x000000070c900000, 0x000000070c900000, 0x000000070ca00000|  0%| F|  |TAMS 0x000000070c900000, 0x000000070c900000| Untracked 
| 110|0x000000070ca00000, 0x000000070ca00000, 0x000000070cb00000|  0%| F|  |TAMS 0x000000070ca00000, 0x000000070ca00000| Untracked 
| 111|0x000000070cb00000, 0x000000070cb00000, 0x000000070cc00000|  0%| F|  |TAMS 0x000000070cb00000, 0x000000070cb00000| Untracked 
| 112|0x000000070cc00000, 0x000000070cc00000, 0x000000070cd00000|  0%| F|  |TAMS 0x000000070cc00000, 0x000000070cc00000| Untracked 
| 113|0x000000070cd00000, 0x000000070cd00000, 0x000000070ce00000|  0%| F|  |TAMS 0x000000070cd00000, 0x000000070cd00000| Untracked 
| 114|0x000000070ce00000, 0x000000070ce00000, 0x000000070cf00000|  0%| F|  |TAMS 0x000000070ce00000, 0x000000070ce00000| Untracked 
| 115|0x000000070cf00000, 0x000000070cf00000, 0x000000070d000000|  0%| F|  |TAMS 0x000000070cf00000, 0x000000070cf00000| Untracked 
| 116|0x000000070d000000, 0x000000070d000000, 0x000000070d100000|  0%| F|  |TAMS 0x000000070d000000, 0x000000070d000000| Untracked 
| 117|0x000000070d100000, 0x000000070d100000, 0x000000070d200000|  0%| F|  |TAMS 0x000000070d100000, 0x000000070d100000| Untracked 
| 118|0x000000070d200000, 0x000000070d200000, 0x000000070d300000|  0%| F|  |TAMS 0x000000070d200000, 0x000000070d200000| Untracked 
| 119|0x000000070d300000, 0x000000070d300000, 0x000000070d400000|  0%| F|  |TAMS 0x000000070d300000, 0x000000070d300000| Untracked 
| 120|0x000000070d400000, 0x000000070d400000, 0x000000070d500000|  0%| F|  |TAMS 0x000000070d400000, 0x000000070d400000| Untracked 
| 121|0x000000070d500000, 0x000000070d500000, 0x000000070d600000|  0%| F|  |TAMS 0x000000070d500000, 0x000000070d500000| Untracked 
| 122|0x000000070d600000, 0x000000070d600000, 0x000000070d700000|  0%| F|  |TAMS 0x000000070d600000, 0x000000070d600000| Untracked 
| 123|0x000000070d700000, 0x000000070d700000, 0x000000070d800000|  0%| F|  |TAMS 0x000000070d700000, 0x000000070d700000| Untracked 
| 124|0x000000070d800000, 0x000000070d800000, 0x000000070d900000|  0%| F|  |TAMS 0x000000070d800000, 0x000000070d800000| Untracked 
| 125|0x000000070d900000, 0x000000070d900000, 0x000000070da00000|  0%| F|  |TAMS 0x000000070d900000, 0x000000070d900000| Untracked 
| 126|0x000000070da00000, 0x000000070da00000, 0x000000070db00000|  0%| F|  |TAMS 0x000000070da00000, 0x000000070da00000| Untracked 
| 127|0x000000070db00000, 0x000000070db00000, 0x000000070dc00000|  0%| F|  |TAMS 0x000000070db00000, 0x000000070db00000| Untracked 
| 128|0x000000070dc00000, 0x000000070dc00000, 0x000000070dd00000|  0%| F|  |TAMS 0x000000070dc00000, 0x000000070dc00000| Untracked 
| 129|0x000000070dd00000, 0x000000070dd00000, 0x000000070de00000|  0%| F|  |TAMS 0x000000070dd00000, 0x000000070dd00000| Untracked 
| 130|0x000000070de00000, 0x000000070de00000, 0x000000070df00000|  0%| F|  |TAMS 0x000000070de00000, 0x000000070de00000| Untracked 
| 131|0x000000070df00000, 0x000000070df00000, 0x000000070e000000|  0%| F|  |TAMS 0x000000070df00000, 0x000000070df00000| Untracked 
| 132|0x000000070e000000, 0x000000070e000000, 0x000000070e100000|  0%| F|  |TAMS 0x000000070e000000, 0x000000070e000000| Untracked 
| 133|0x000000070e100000, 0x000000070e100000, 0x000000070e200000|  0%| F|  |TAMS 0x000000070e100000, 0x000000070e100000| Untracked 
| 134|0x000000070e200000, 0x000000070e200000, 0x000000070e300000|  0%| F|  |TAMS 0x000000070e200000, 0x000000070e200000| Untracked 
| 135|0x000000070e300000, 0x000000070e300000, 0x000000070e400000|  0%| F|  |TAMS 0x000000070e300000, 0x000000070e300000| Untracked 
| 136|0x000000070e400000, 0x000000070e400000, 0x000000070e500000|  0%| F|  |TAMS 0x000000070e400000, 0x000000070e400000| Untracked 
| 137|0x000000070e500000, 0x000000070e500000, 0x000000070e600000|  0%| F|  |TAMS 0x000000070e500000, 0x000000070e500000| Untracked 
| 138|0x000000070e600000, 0x000000070e600000, 0x000000070e700000|  0%| F|  |TAMS 0x000000070e600000, 0x000000070e600000| Untracked 
| 139|0x000000070e700000, 0x000000070e700000, 0x000000070e800000|  0%| F|  |TAMS 0x000000070e700000, 0x000000070e700000| Untracked 
| 140|0x000000070e800000, 0x000000070e800000, 0x000000070e900000|  0%| F|  |TAMS 0x000000070e800000, 0x000000070e800000| Untracked 
| 141|0x000000070e900000, 0x000000070e900000, 0x000000070ea00000|  0%| F|  |TAMS 0x000000070e900000, 0x000000070e900000| Untracked 
| 142|0x000000070ea00000, 0x000000070ea00000, 0x000000070eb00000|  0%| F|  |TAMS 0x000000070ea00000, 0x000000070ea00000| Untracked 
| 143|0x000000070eb00000, 0x000000070eb00000, 0x000000070ec00000|  0%| F|  |TAMS 0x000000070eb00000, 0x000000070eb00000| Untracked 
| 144|0x000000070ec00000, 0x000000070ec00000, 0x000000070ed00000|  0%| F|  |TAMS 0x000000070ec00000, 0x000000070ec00000| Untracked 
| 145|0x000000070ed00000, 0x000000070ed00000, 0x000000070ee00000|  0%| F|  |TAMS 0x000000070ed00000, 0x000000070ed00000| Untracked 
| 146|0x000000070ee00000, 0x000000070ee00000, 0x000000070ef00000|  0%| F|  |TAMS 0x000000070ee00000, 0x000000070ee00000| Untracked 
| 147|0x000000070ef00000, 0x000000070ef00000, 0x000000070f000000|  0%| F|  |TAMS 0x000000070ef00000, 0x000000070ef00000| Untracked 
| 148|0x000000070f000000, 0x000000070f000000, 0x000000070f100000|  0%| F|  |TAMS 0x000000070f000000, 0x000000070f000000| Untracked 
| 149|0x000000070f100000, 0x000000070f100000, 0x000000070f200000|  0%| F|  |TAMS 0x000000070f100000, 0x000000070f100000| Untracked 
| 150|0x000000070f200000, 0x000000070f200000, 0x000000070f300000|  0%| F|  |TAMS 0x000000070f200000, 0x000000070f200000| Untracked 
| 151|0x000000070f300000, 0x000000070f300000, 0x000000070f400000|  0%| F|  |TAMS 0x000000070f300000, 0x000000070f300000| Untracked 
| 152|0x000000070f400000, 0x000000070f400000, 0x000000070f500000|  0%| F|  |TAMS 0x000000070f400000, 0x000000070f400000| Untracked 
| 153|0x000000070f500000, 0x000000070f500000, 0x000000070f600000|  0%| F|  |TAMS 0x000000070f500000, 0x000000070f500000| Untracked 
| 154|0x000000070f600000, 0x000000070f600000, 0x000000070f700000|  0%| F|  |TAMS 0x000000070f600000, 0x000000070f600000| Untracked 
| 155|0x000000070f700000, 0x000000070f700000, 0x000000070f800000|  0%| F|  |TAMS 0x000000070f700000, 0x000000070f700000| Untracked 
| 156|0x000000070f800000, 0x000000070f800000, 0x000000070f900000|  0%| F|  |TAMS 0x000000070f800000, 0x000000070f800000| Untracked 
| 157|0x000000070f900000, 0x000000070f900000, 0x000000070fa00000|  0%| F|  |TAMS 0x000000070f900000, 0x000000070f900000| Untracked 
| 158|0x000000070fa00000, 0x000000070fa00000, 0x000000070fb00000|  0%| F|  |TAMS 0x000000070fa00000, 0x000000070fa00000| Untracked 
| 159|0x000000070fb00000, 0x000000070fb00000, 0x000000070fc00000|  0%| F|  |TAMS 0x000000070fb00000, 0x000000070fb00000| Untracked 
| 160|0x000000070fc00000, 0x000000070fc00000, 0x000000070fd00000|  0%| F|  |TAMS 0x000000070fc00000, 0x000000070fc00000| Untracked 
| 161|0x000000070fd00000, 0x000000070fd00000, 0x000000070fe00000|  0%| F|  |TAMS 0x000000070fd00000, 0x000000070fd00000| Untracked 
| 162|0x000000070fe00000, 0x000000070fe00000, 0x000000070ff00000|  0%| F|  |TAMS 0x000000070fe00000, 0x000000070fe00000| Untracked 
| 163|0x000000070ff00000, 0x000000070ff00000, 0x0000000710000000|  0%| F|  |TAMS 0x000000070ff00000, 0x000000070ff00000| Untracked 
| 164|0x0000000710000000, 0x0000000710000000, 0x0000000710100000|  0%| F|  |TAMS 0x0000000710000000, 0x0000000710000000| Untracked 
| 165|0x0000000710100000, 0x0000000710100000, 0x0000000710200000|  0%| F|  |TAMS 0x0000000710100000, 0x0000000710100000| Untracked 
| 166|0x0000000710200000, 0x0000000710200000, 0x0000000710300000|  0%| F|  |TAMS 0x0000000710200000, 0x0000000710200000| Untracked 
| 167|0x0000000710300000, 0x0000000710300000, 0x0000000710400000|  0%| F|  |TAMS 0x0000000710300000, 0x0000000710300000| Untracked 
| 168|0x0000000710400000, 0x0000000710400000, 0x0000000710500000|  0%| F|  |TAMS 0x0000000710400000, 0x0000000710400000| Untracked 
| 169|0x0000000710500000, 0x0000000710500000, 0x0000000710600000|  0%| F|  |TAMS 0x0000000710500000, 0x0000000710500000| Untracked 
| 170|0x0000000710600000, 0x0000000710600000, 0x0000000710700000|  0%| F|  |TAMS 0x0000000710600000, 0x0000000710600000| Untracked 
| 171|0x0000000710700000, 0x0000000710700000, 0x0000000710800000|  0%| F|  |TAMS 0x0000000710700000, 0x0000000710700000| Untracked 
| 172|0x0000000710800000, 0x0000000710800000, 0x0000000710900000|  0%| F|  |TAMS 0x0000000710800000, 0x0000000710800000| Untracked 
| 173|0x0000000710900000, 0x0000000710900000, 0x0000000710a00000|  0%| F|  |TAMS 0x0000000710900000, 0x0000000710900000| Untracked 
| 174|0x0000000710a00000, 0x0000000710a00000, 0x0000000710b00000|  0%| F|  |TAMS 0x0000000710a00000, 0x0000000710a00000| Untracked 
| 175|0x0000000710b00000, 0x0000000710b00000, 0x0000000710c00000|  0%| F|  |TAMS 0x0000000710b00000, 0x0000000710b00000| Untracked 
| 176|0x0000000710c00000, 0x0000000710c00000, 0x0000000710d00000|  0%| F|  |TAMS 0x0000000710c00000, 0x0000000710c00000| Untracked 
| 177|0x0000000710d00000, 0x0000000710d00000, 0x0000000710e00000|  0%| F|  |TAMS 0x0000000710d00000, 0x0000000710d00000| Untracked 
| 178|0x0000000710e00000, 0x0000000710e00000, 0x0000000710f00000|  0%| F|  |TAMS 0x0000000710e00000, 0x0000000710e00000| Untracked 
| 179|0x0000000710f00000, 0x0000000710f00000, 0x0000000711000000|  0%| F|  |TAMS 0x0000000710f00000, 0x0000000710f00000| Untracked 
| 180|0x0000000711000000, 0x0000000711000000, 0x0000000711100000|  0%| F|  |TAMS 0x0000000711000000, 0x0000000711000000| Untracked 
| 181|0x0000000711100000, 0x0000000711100000, 0x0000000711200000|  0%| F|  |TAMS 0x0000000711100000, 0x0000000711100000| Untracked 
| 182|0x0000000711200000, 0x0000000711200000, 0x0000000711300000|  0%| F|  |TAMS 0x0000000711200000, 0x0000000711200000| Untracked 
| 183|0x0000000711300000, 0x0000000711300000, 0x0000000711400000|  0%| F|  |TAMS 0x0000000711300000, 0x0000000711300000| Untracked 
| 184|0x0000000711400000, 0x0000000711400000, 0x0000000711500000|  0%| F|  |TAMS 0x0000000711400000, 0x0000000711400000| Untracked 
| 185|0x0000000711500000, 0x0000000711500000, 0x0000000711600000|  0%| F|  |TAMS 0x0000000711500000, 0x0000000711500000| Untracked 
| 186|0x0000000711600000, 0x0000000711600000, 0x0000000711700000|  0%| F|  |TAMS 0x0000000711600000, 0x0000000711600000| Untracked 
| 187|0x0000000711700000, 0x0000000711700000, 0x0000000711800000|  0%| F|  |TAMS 0x0000000711700000, 0x0000000711700000| Untracked 
| 188|0x0000000711800000, 0x0000000711800000, 0x0000000711900000|  0%| F|  |TAMS 0x0000000711800000, 0x0000000711800000| Untracked 
| 189|0x0000000711900000, 0x0000000711900000, 0x0000000711a00000|  0%| F|  |TAMS 0x0000000711900000, 0x0000000711900000| Untracked 
| 190|0x0000000711a00000, 0x0000000711a00000, 0x0000000711b00000|  0%| F|  |TAMS 0x0000000711a00000, 0x0000000711a00000| Untracked 
| 191|0x0000000711b00000, 0x0000000711b00000, 0x0000000711c00000|  0%| F|  |TAMS 0x0000000711b00000, 0x0000000711b00000| Untracked 
| 192|0x0000000711c00000, 0x0000000711c00000, 0x0000000711d00000|  0%| F|  |TAMS 0x0000000711c00000, 0x0000000711c00000| Untracked 
| 193|0x0000000711d00000, 0x0000000711d00000, 0x0000000711e00000|  0%| F|  |TAMS 0x0000000711d00000, 0x0000000711d00000| Untracked 
| 194|0x0000000711e00000, 0x0000000711e00000, 0x0000000711f00000|  0%| F|  |TAMS 0x0000000711e00000, 0x0000000711e00000| Untracked 
| 195|0x0000000711f00000, 0x0000000711f00000, 0x0000000712000000|  0%| F|  |TAMS 0x0000000711f00000, 0x0000000711f00000| Untracked 
| 196|0x0000000712000000, 0x0000000712000000, 0x0000000712100000|  0%| F|  |TAMS 0x0000000712000000, 0x0000000712000000| Untracked 
| 197|0x0000000712100000, 0x0000000712100000, 0x0000000712200000|  0%| F|  |TAMS 0x0000000712100000, 0x0000000712100000| Untracked 
| 198|0x0000000712200000, 0x0000000712200000, 0x0000000712300000|  0%| F|  |TAMS 0x0000000712200000, 0x0000000712200000| Untracked 
| 199|0x0000000712300000, 0x0000000712300000, 0x0000000712400000|  0%| F|  |TAMS 0x0000000712300000, 0x0000000712300000| Untracked 
| 200|0x0000000712400000, 0x0000000712400000, 0x0000000712500000|  0%| F|  |TAMS 0x0000000712400000, 0x0000000712400000| Untracked 
| 201|0x0000000712500000, 0x0000000712500000, 0x0000000712600000|  0%| F|  |TAMS 0x0000000712500000, 0x0000000712500000| Untracked 
| 202|0x0000000712600000, 0x0000000712600000, 0x0000000712700000|  0%| F|  |TAMS 0x0000000712600000, 0x0000000712600000| Untracked 
| 203|0x0000000712700000, 0x0000000712700000, 0x0000000712800000|  0%| F|  |TAMS 0x0000000712700000, 0x0000000712700000| Untracked 
| 204|0x0000000712800000, 0x0000000712800000, 0x0000000712900000|  0%| F|  |TAMS 0x0000000712800000, 0x0000000712800000| Untracked 
| 205|0x0000000712900000, 0x0000000712900000, 0x0000000712a00000|  0%| F|  |TAMS 0x0000000712900000, 0x0000000712900000| Untracked 
| 206|0x0000000712a00000, 0x0000000712a00000, 0x0000000712b00000|  0%| F|  |TAMS 0x0000000712a00000, 0x0000000712a00000| Untracked 
| 207|0x0000000712b00000, 0x0000000712b00000, 0x0000000712c00000|  0%| F|  |TAMS 0x0000000712b00000, 0x0000000712b00000| Untracked 
| 208|0x0000000712c00000, 0x0000000712c00000, 0x0000000712d00000|  0%| F|  |TAMS 0x0000000712c00000, 0x0000000712c00000| Untracked 
| 209|0x0000000712d00000, 0x0000000712d00000, 0x0000000712e00000|  0%| F|  |TAMS 0x0000000712d00000, 0x0000000712d00000| Untracked 
| 210|0x0000000712e00000, 0x0000000712e00000, 0x0000000712f00000|  0%| F|  |TAMS 0x0000000712e00000, 0x0000000712e00000| Untracked 
| 211|0x0000000712f00000, 0x0000000712f00000, 0x0000000713000000|  0%| F|  |TAMS 0x0000000712f00000, 0x0000000712f00000| Untracked 
| 212|0x0000000713000000, 0x0000000713000000, 0x0000000713100000|  0%| F|  |TAMS 0x0000000713000000, 0x0000000713000000| Untracked 
| 213|0x0000000713100000, 0x0000000713100000, 0x0000000713200000|  0%| F|  |TAMS 0x0000000713100000, 0x0000000713100000| Untracked 
| 214|0x0000000713200000, 0x0000000713200000, 0x0000000713300000|  0%| F|  |TAMS 0x0000000713200000, 0x0000000713200000| Untracked 
| 215|0x0000000713300000, 0x0000000713300000, 0x0000000713400000|  0%| F|  |TAMS 0x0000000713300000, 0x0000000713300000| Untracked 
| 216|0x0000000713400000, 0x0000000713400000, 0x0000000713500000|  0%| F|  |TAMS 0x0000000713400000, 0x0000000713400000| Untracked 
| 217|0x0000000713500000, 0x0000000713500000, 0x0000000713600000|  0%| F|  |TAMS 0x0000000713500000, 0x0000000713500000| Untracked 
| 218|0x0000000713600000, 0x0000000713600000, 0x0000000713700000|  0%| F|  |TAMS 0x0000000713600000, 0x0000000713600000| Untracked 
| 219|0x0000000713700000, 0x0000000713700000, 0x0000000713800000|  0%| F|  |TAMS 0x0000000713700000, 0x0000000713700000| Untracked 
| 220|0x0000000713800000, 0x0000000713800000, 0x0000000713900000|  0%| F|  |TAMS 0x0000000713800000, 0x0000000713800000| Untracked 
| 221|0x0000000713900000, 0x0000000713900000, 0x0000000713a00000|  0%| F|  |TAMS 0x0000000713900000, 0x0000000713900000| Untracked 
| 222|0x0000000713a00000, 0x0000000713a00000, 0x0000000713b00000|  0%| F|  |TAMS 0x0000000713a00000, 0x0000000713a00000| Untracked 
| 223|0x0000000713b00000, 0x0000000713b00000, 0x0000000713c00000|  0%| F|  |TAMS 0x0000000713b00000, 0x0000000713b00000| Untracked 
| 224|0x0000000713c00000, 0x0000000713c00000, 0x0000000713d00000|  0%| F|  |TAMS 0x0000000713c00000, 0x0000000713c00000| Untracked 
| 225|0x0000000713d00000, 0x0000000713d00000, 0x0000000713e00000|  0%| F|  |TAMS 0x0000000713d00000, 0x0000000713d00000| Untracked 
| 226|0x0000000713e00000, 0x0000000713e00000, 0x0000000713f00000|  0%| F|  |TAMS 0x0000000713e00000, 0x0000000713e00000| Untracked 
| 227|0x0000000713f00000, 0x0000000713f00000, 0x0000000714000000|  0%| F|  |TAMS 0x0000000713f00000, 0x0000000713f00000| Untracked 
| 228|0x0000000714000000, 0x0000000714000000, 0x0000000714100000|  0%| F|  |TAMS 0x0000000714000000, 0x0000000714000000| Untracked 
| 229|0x0000000714100000, 0x0000000714100000, 0x0000000714200000|  0%| F|  |TAMS 0x0000000714100000, 0x0000000714100000| Untracked 
| 230|0x0000000714200000, 0x0000000714200000, 0x0000000714300000|  0%| F|  |TAMS 0x0000000714200000, 0x0000000714200000| Untracked 
| 231|0x0000000714300000, 0x0000000714300000, 0x0000000714400000|  0%| F|  |TAMS 0x0000000714300000, 0x0000000714300000| Untracked 
| 232|0x0000000714400000, 0x0000000714400000, 0x0000000714500000|  0%| F|  |TAMS 0x0000000714400000, 0x0000000714400000| Untracked 
| 233|0x0000000714500000, 0x0000000714500000, 0x0000000714600000|  0%| F|  |TAMS 0x0000000714500000, 0x0000000714500000| Untracked 
| 234|0x0000000714600000, 0x0000000714600000, 0x0000000714700000|  0%| F|  |TAMS 0x0000000714600000, 0x0000000714600000| Untracked 
| 235|0x0000000714700000, 0x0000000714700000, 0x0000000714800000|  0%| F|  |TAMS 0x0000000714700000, 0x0000000714700000| Untracked 
| 236|0x0000000714800000, 0x0000000714800000, 0x0000000714900000|  0%| F|  |TAMS 0x0000000714800000, 0x0000000714800000| Untracked 
| 237|0x0000000714900000, 0x0000000714900000, 0x0000000714a00000|  0%| F|  |TAMS 0x0000000714900000, 0x0000000714900000| Untracked 
| 238|0x0000000714a00000, 0x0000000714a00000, 0x0000000714b00000|  0%| F|  |TAMS 0x0000000714a00000, 0x0000000714a00000| Untracked 
| 239|0x0000000714b00000, 0x0000000714b00000, 0x0000000714c00000|  0%| F|  |TAMS 0x0000000714b00000, 0x0000000714b00000| Untracked 
| 240|0x0000000714c00000, 0x0000000714c00000, 0x0000000714d00000|  0%| F|  |TAMS 0x0000000714c00000, 0x0000000714c00000| Untracked 
| 241|0x0000000714d00000, 0x0000000714d00000, 0x0000000714e00000|  0%| F|  |TAMS 0x0000000714d00000, 0x0000000714d00000| Untracked 
| 242|0x0000000714e00000, 0x0000000714e00000, 0x0000000714f00000|  0%| F|  |TAMS 0x0000000714e00000, 0x0000000714e00000| Untracked 
| 243|0x0000000714f00000, 0x0000000714f00000, 0x0000000715000000|  0%| F|  |TAMS 0x0000000714f00000, 0x0000000714f00000| Untracked 
| 244|0x0000000715000000, 0x0000000715000000, 0x0000000715100000|  0%| F|  |TAMS 0x0000000715000000, 0x0000000715000000| Untracked 
| 245|0x0000000715100000, 0x0000000715183830, 0x0000000715200000| 51%| E|  |TAMS 0x0000000715100000, 0x0000000715100000| Complete 
| 246|0x0000000715200000, 0x0000000715300000, 0x0000000715300000|100%| E|CS|TAMS 0x0000000715200000, 0x0000000715200000| Complete 
| 247|0x0000000715300000, 0x0000000715400000, 0x0000000715400000|100%| E|CS|TAMS 0x0000000715300000, 0x0000000715300000| Complete 
| 248|0x0000000715400000, 0x0000000715500000, 0x0000000715500000|100%| E|CS|TAMS 0x0000000715400000, 0x0000000715400000| Complete 
| 249|0x0000000715500000, 0x0000000715600000, 0x0000000715600000|100%| E|CS|TAMS 0x0000000715500000, 0x0000000715500000| Complete 
| 250|0x0000000715600000, 0x0000000715700000, 0x0000000715700000|100%| E|CS|TAMS 0x0000000715600000, 0x0000000715600000| Complete 
| 251|0x0000000715700000, 0x0000000715800000, 0x0000000715800000|100%| E|CS|TAMS 0x0000000715700000, 0x0000000715700000| Complete 
|2978|0x00000007bfe00000, 0x00000007bfe47000, 0x00000007bff00000| 27%|OA|  |TAMS 0x00000007bfe00000, 0x00000007bfe00000| Untracked 
|2979|0x00000007bff00000, 0x00000007bff6b000, 0x00000007c0000000| 41%|CA|  |TAMS 0x00000007bff00000, 0x00000007bff00000| Untracked 

Card table byte_map: [0x00007f4d640bf000,0x00007f4d64891000] _byte_map_base: 0x00007f4d60891000

Marking Bits (Prev, Next): (CMBitMap*) 0x00007f4d7c07d638, (CMBitMap*) 0x00007f4d7c07d670
 Prev Bits: [0x00007f4d5b99e000, 0x00007f4d5f82e000)
 Next Bits: [0x00007f4d57b0e000, 0x00007f4d5b99e000)

Polling page: 0x00007f4d831a9000

Metaspace:

Usage:
  Non-class:      4.85 MB capacity,     2.02 MB ( 42%) used,     2.83 MB ( 58%) free+waste,     6.19 KB ( <1%) overhead. 
      Class:    509.00 KB capacity,   183.38 KB ( 36%) used,   322.00 KB ( 63%) free+waste,     3.62 KB ( <1%) overhead. 
       Both:      5.35 MB capacity,     2.20 MB ( 41%) used,     3.14 MB ( 59%) free+waste,     9.81 KB ( <1%) overhead. 

Virtual space:
  Non-class space:        8.00 MB reserved,       5.00 MB ( 62%) committed 
      Class space:        1.00 GB reserved,     512.00 KB ( <1%) committed 
             Both:        1.01 GB reserved,       5.50 MB ( <1%) committed 

Chunk freelists:
   Non-Class:  5.00 KB
       Class:  3.00 KB
        Both:  8.00 KB

MaxMetaspaceSize: unlimited
CompressedClassSpaceSize: 1.00 GB

CodeHeap 'non-profiled nmethods': size=120032Kb used=147Kb max_used=147Kb free=119884Kb
 bounds [0x00007f4d6c359000, 0x00007f4d6c5c9000, 0x00007f4d73891000]
CodeHeap 'profiled nmethods': size=120028Kb used=696Kb max_used=696Kb free=119331Kb
 bounds [0x00007f4d64e22000, 0x00007f4d65092000, 0x00007f4d6c359000]
CodeHeap 'non-nmethods': size=5700Kb used=1363Kb max_used=1377Kb free=4337Kb
 bounds [0x00007f4d64891000, 0x00007f4d64b01000, 0x00007f4d64e22000]
 total_blobs=1327 nmethods=495 adapters=745
 compilation: enabled
              stopped_count=0, restarted_count=0
 full_count=0

Compilation events (20 events):
Event: 0.134 Thread 0x00007f4d7c1e0000 nmethod 483 0x00007f4d64ece010 code [0x00007f4d64ece1c0, 0x00007f4d64ece3a0]
Event: 0.134 Thread 0x00007f4d7c1e0000  487       3       jdk.internal.misc.Unsafe::putByte (8 bytes)
Event: 0.134 Thread 0x00007f4d7c1e0000 nmethod 487 0x00007f4d64ece490 code [0x00007f4d64ece640, 0x00007f4d64ece770]
Event: 0.134 Thread 0x00007f4d7c1e0000  489       3       sun.misc.Unsafe::putByte (9 bytes)
Event: 0.134 Thread 0x00007f4d7c1e0000 nmethod 489 0x00007f4d64ece810 code [0x00007f4d64ece9c0, 0x00007f4d64eceb50]
Event: 0.135 Thread 0x00007f4d7c1e0000  490       3       sun.misc.Unsafe::putInt (11 bytes)
Event: 0.135 Thread 0x00007f4d7c1e0000 nmethod 490 0x00007f4d64ecec10 code [0x00007f4d64ecedc0, 0x00007f4d64eceed0]
Event: 0.135 Thread 0x00007f4d7c1e0000  492       3       java.nio.Buffer::remaining (20 bytes)
Event: 0.135 Thread 0x00007f4d7c1e0000 nmethod 492 0x00007f4d64ecef90 code [0x00007f4d64ecf140, 0x00007f4d64ecf2b0]
Event: 0.135 Thread 0x00007f4d7c1e0000  494       3       org.lwjgl.system.MemoryUtil::encodeASCII (66 bytes)
Event: 0.135 Thread 0x00007f4d7c1e0000 nmethod 494 0x00007f4d64ecf310 code [0x00007f4d64ecf520, 0x00007f4d64ecfab0]
Event: 0.135 Thread 0x00007f4d7c1e0000  495       3       java.io.InputStream::<init> (5 bytes)
Event: 0.135 Thread 0x00007f4d7c1e0000 nmethod 495 0x00007f4d64ecfd10 code [0x00007f4d64ecfec0, 0x00007f4d64ed0030]
Event: 0.144 Thread 0x00007f4d7c1de000 nmethod 458 0x00007f4d6c37b910 code [0x00007f4d6c37bae0, 0x00007f4d6c37c668]
Event: 0.144 Thread 0x00007f4d7c1de000  463       4       java.lang.StringBuilder::append (8 bytes)
Event: 0.148 Thread 0x00007f4d7c1de000 nmethod 463 0x00007f4d6c37cd10 code [0x00007f4d6c37cec0, 0x00007f4d6c37d4d8]
Event: 0.148 Thread 0x00007f4d7c1de000  486       4       java.nio.DirectByteBuffer::ix (10 bytes)
Event: 0.148 Thread 0x00007f4d7c1de000 nmethod 486 0x00007f4d6c37d890 code [0x00007f4d6c37da20, 0x00007f4d6c37da98]
Event: 0.148 Thread 0x00007f4d7c1de000  493       4       jdk.internal.misc.Unsafe::getByte (7 bytes)
Event: 0.148 Thread 0x00007f4d7c1de000 nmethod 493 0x00007f4d6c37db10 code [0x00007f4d6c37dca0, 0x00007f4d6c37dd18]

GC Heap History (0 events):
No events

Deoptimization events (8 events):
Event: 0.089 Thread 0x00007f4d7c017000 DEOPT PACKING pc=0x00007f4d64e551b0 sp=0x00007f4d8196f1a0
Event: 0.089 Thread 0x00007f4d7c017000 DEOPT UNPACKING pc=0x00007f4d648b7a3a sp=0x00007f4d8196e618 mode 0
Event: 0.092 Thread 0x00007f4d7c017000 DEOPT PACKING pc=0x00007f4d64e53f42 sp=0x00007f4d8196d0d0
Event: 0.092 Thread 0x00007f4d7c017000 DEOPT UNPACKING pc=0x00007f4d648b7a3a sp=0x00007f4d8196c558 mode 0
Event: 0.116 Thread 0x00007f4d7c017000 Uncommon trap: trap_request=0xffffff4d fr.pc=0x00007f4d6c359244 relative=0x0000000000000084
Event: 0.116 Thread 0x00007f4d7c017000 Uncommon trap: reason=unstable_if action=reinterpret pc=0x00007f4d6c359244 method=java.lang.String.isLatin1()Z @ 10 c2
Event: 0.116 Thread 0x00007f4d7c017000 DEOPT PACKING pc=0x00007f4d6c359244 sp=0x00007f4d8196e3a0
Event: 0.116 Thread 0x00007f4d7c017000 DEOPT UNPACKING pc=0x00007f4d648b7c25 sp=0x00007f4d8196e300 mode 2

Classes redefined (0 events):
No events

Internal exceptions (20 events):
Event: 0.105 Thread 0x00007f4d7c017000 Exception <a 'java/security/PrivilegedActionException'{0x0000000715316ae0}> (0x0000000715316ae0) thrown at [src/hotspot/share/prims/jvm.cpp, line 1304]
Event: 0.105 Thread 0x00007f4d7c017000 Exception <a 'java/security/PrivilegedActionException'{0x0000000715316db0}> (0x0000000715316db0) thrown at [src/hotspot/share/prims/jvm.cpp, line 1304]
Event: 0.105 Thread 0x00007f4d7c017000 Exception <a 'java/security/PrivilegedActionException'{0x0000000715318ab8}> (0x0000000715318ab8) thrown at [src/hotspot/share/prims/jvm.cpp, line 1304]
Event: 0.105 Thread 0x00007f4d7c017000 Exception <a 'java/security/PrivilegedActionException'{0x0000000715318d88}> (0x0000000715318d88) thrown at [src/hotspot/share/prims/jvm.cpp, line 1304]
Event: 0.111 Thread 0x00007f4d7c017000 Exception <a 'sun/nio/fs/UnixException'{0x0000000715349710}> (0x0000000715349710) thrown at [src/hotspot/share/prims/jni.cpp, line 615]
Event: 0.121 Thread 0x00007f4d7c017000 Exception <a 'java/security/PrivilegedActionException'{0x00000007153b92a8}> (0x00000007153b92a8) thrown at [src/hotspot/share/prims/jvm.cpp, line 1304]
Event: 0.121 Thread 0x00007f4d7c017000 Exception <a 'java/security/PrivilegedActionException'{0x00000007153b9578}> (0x00000007153b9578) thrown at [src/hotspot/share/prims/jvm.cpp, line 1304]
Event: 0.121 Thread 0x00007f4d7c017000 Exception <a 'java/security/PrivilegedActionException'{0x00000007153bb188}> (0x00000007153bb188) thrown at [src/hotspot/share/prims/jvm.cpp, line 1304]
Event: 0.121 Thread 0x00007f4d7c017000 Exception <a 'java/security/PrivilegedActionException'{0x00000007153bb458}> (0x00000007153bb458) thrown at [src/hotspot/share/prims/jvm.cpp, line 1304]
Event: 0.121 Thread 0x00007f4d7c017000 Exception <a 'java/security/PrivilegedActionException'{0x00000007153bd040}> (0x00000007153bd040) thrown at [src/hotspot/share/prims/jvm.cpp, line 1304]
Event: 0.121 Thread 0x00007f4d7c017000 Exception <a 'java/security/PrivilegedActionException'{0x00000007153bd310}> (0x00000007153bd310) thrown at [src/hotspot/share/prims/jvm.cpp, line 1304]
Event: 0.121 Thread 0x00007f4d7c017000 Exception <a 'java/security/PrivilegedActionException'{0x00000007153bef40}> (0x00000007153bef40) thrown at [src/hotspot/share/prims/jvm.cpp, line 1304]
Event: 0.121 Thread 0x00007f4d7c017000 Exception <a 'java/security/PrivilegedActionException'{0x00000007153bf210}> (0x00000007153bf210) thrown at [src/hotspot/share/prims/jvm.cpp, line 1304]
Event: 0.121 Thread 0x00007f4d7c017000 Exception <a 'java/security/PrivilegedActionException'{0x00000007153c0e40}> (0x00000007153c0e40) thrown at [src/hotspot/share/prims/jvm.cpp, line 1304]
Event: 0.121 Thread 0x00007f4d7c017000 Exception <a 'java/security/PrivilegedActionException'{0x00000007153c1110}> (0x00000007153c1110) thrown at [src/hotspot/share/prims/jvm.cpp, line 1304]
Event: 0.121 Thread 0x00007f4d7c017000 Exception <a 'java/security/PrivilegedActionException'{0x00000007153c2d40}> (0x00000007153c2d40) thrown at [src/hotspot/share/prims/jvm.cpp, line 1304]
Event: 0.121 Thread 0x00007f4d7c017000 Exception <a 'java/security/PrivilegedActionException'{0x00000007153c3010}> (0x00000007153c3010) thrown at [src/hotspot/share/prims/jvm.cpp, line 1304]
Event: 0.121 Thread 0x00007f4d7c017000 Exception <a 'java/security/PrivilegedActionException'{0x00000007153c4bf8}> (0x00000007153c4bf8) thrown at [src/hotspot/share/prims/jvm.cpp, line 1304]
Event: 0.121 Thread 0x00007f4d7c017000 Exception <a 'java/security/PrivilegedActionException'{0x00000007153c4ec8}> (0x00000007153c4ec8) thrown at [src/hotspot/share/prims/jvm.cpp, line 1304]
Event: 0.130 Thread 0x00007f4d7c017000 Exception <a 'sun/nio/fs/UnixException'{0x00000007152b82e8}> (0x00000007152b82e8) thrown at [src/hotspot/share/prims/jni.cpp, line 615]

Events (20 events):
Event: 0.127 loading class org/lwjgl/system/StructBuffer
Event: 0.127 loading class org/lwjgl/system/StructBuffer done
Event: 0.130 loading class org/lwjgl/system/APIUtil$1
Event: 0.130 loading class org/lwjgl/system/APIUtil$1 done
Event: 0.130 loading class java/lang/NoSuchFieldError
Event: 0.130 loading class java/lang/NoSuchFieldError done
Event: 0.131 loading class org/lwjgl/system/linux/LinuxLibrary
Event: 0.131 loading class org/lwjgl/system/linux/LinuxLibrary done
Event: 0.131 loading class org/lwjgl/system/SharedLibrary$Default
Event: 0.131 loading class org/lwjgl/system/SharedLibrary$Default done
Event: 0.131 loading class org/lwjgl/system/linux/DynamicLinkLoader
Event: 0.131 loading class org/lwjgl/system/linux/DynamicLinkLoader done
Event: 0.132 loading class jdk/internal/reflect/UnsafeQualifiedStaticIntegerFieldAccessorImpl
Event: 0.132 loading class jdk/internal/reflect/UnsafeQualifiedStaticIntegerFieldAccessorImpl done
Event: 0.134 loading class org/lwjgl/glfw/GLFW$Functions
Event: 0.134 loading class org/lwjgl/glfw/GLFW$Functions done
Event: 0.135 loading class org/lwjgl/system/JNI
Event: 0.135 loading class org/lwjgl/system/JNI done
Event: 0.145 loading class org/lwjgl/glfw/EventLoop$OffScreen
Event: 0.145 loading class org/lwjgl/glfw/EventLoop$OffScreen done


Dynamic libraries:
41552000-41601000 rw-p 00000000 00:00 0 
705c00000-715800000 rw-p 00000000 00:00 0 
715800000-7bfe00000 ---p 00000000 00:00 0 
7bfe00000-7bfe47000 rw-p 01111000 103:02 8651339                         /usr/lib/jvm/java-11-openjdk-amd64/lib/server/classes.jsa
7bfe47000-7bff00000 rw-p 00000000 00:00 0 
7bff00000-7bff6b000 rw-p 010a6000 103:02 8651339                         /usr/lib/jvm/java-11-openjdk-amd64/lib/server/classes.jsa
7bff6b000-7c0000000 rw-p 00000000 00:00 0 
7c0000000-800000000 ---p 00000000 00:00 0 
800000000-800002000 rwxp 00001000 103:02 8651339                         /usr/lib/jvm/java-11-openjdk-amd64/lib/server/classes.jsa
800002000-8003b9000 rw-p 00003000 103:02 8651339                         /usr/lib/jvm/java-11-openjdk-amd64/lib/server/classes.jsa
8003b9000-800a96000 r--p 003ba000 103:02 8651339                         /usr/lib/jvm/java-11-openjdk-amd64/lib/server/classes.jsa
800a96000-800a97000 rw-p 00a97000 103:02 8651339                         /usr/lib/jvm/java-11-openjdk-amd64/lib/server/classes.jsa
800a97000-8010a5000 r--p 00a98000 103:02 8651339                         /usr/lib/jvm/java-11-openjdk-amd64/lib/server/classes.jsa
840000000-840080000 rw-p 00000000 00:00 0 
840080000-880000000 ---p 00000000 00:00 0 
55b40a655000-55b40a656000 r--p 00000000 103:02 8651278                   /usr/lib/jvm/java-11-openjdk-amd64/bin/java
55b40a656000-55b40a657000 r-xp 00001000 103:02 8651278                   /usr/lib/jvm/java-11-openjdk-amd64/bin/java
55b40a657000-55b40a658000 r--p 00002000 103:02 8651278                   /usr/lib/jvm/java-11-openjdk-amd64/bin/java
55b40a658000-55b40a659000 r--p 00002000 103:02 8651278                   /usr/lib/jvm/java-11-openjdk-amd64/bin/java
55b40a659000-55b40a65a000 rw-p 00003000 103:02 8651278                   /usr/lib/jvm/java-11-openjdk-amd64/bin/java
55b40a759000-55b40a77a000 rw-p 00000000 00:00 0                          [heap]
7f4d18000000-7f4d18021000 rw-p 00000000 00:00 0 
7f4d18021000-7f4d1c000000 ---p 00000000 00:00 0 
7f4d1c000000-7f4d1c021000 rw-p 00000000 00:00 0 
7f4d1c021000-7f4d20000000 ---p 00000000 00:00 0 
7f4d20000000-7f4d201d5000 rw-p 00000000 00:00 0 
7f4d201d5000-7f4d24000000 ---p 00000000 00:00 0 
7f4d24000000-7f4d24021000 rw-p 00000000 00:00 0 
7f4d24021000-7f4d28000000 ---p 00000000 00:00 0 
7f4d28000000-7f4d28199000 rw-p 00000000 00:00 0 
7f4d28199000-7f4d2c000000 ---p 00000000 00:00 0 
7f4d2cbea000-7f4d2cd8f000 rw-s 00000000 00:01 60551                      /memfd:/.nvidia_drv.XXXXXX (deleted)
7f4d2cd8f000-7f4d2e0ce000 r-xp 00000000 103:02 8665432                   /usr/lib/x86_64-linux-gnu/libnvidia-glcore.so.450.102.04
7f4d2e0ce000-7f4d2e0ef000 rwxp 0133f000 103:02 8665432                   /usr/lib/x86_64-linux-gnu/libnvidia-glcore.so.450.102.04
7f4d2e0ef000-7f4d2e5fc000 r-xp 01360000 103:02 8665432                   /usr/lib/x86_64-linux-gnu/libnvidia-glcore.so.450.102.04
7f4d2e5fc000-7f4d2e7fc000 ---p 0186d000 103:02 8665432                   /usr/lib/x86_64-linux-gnu/libnvidia-glcore.so.450.102.04
7f4d2e7fc000-7f4d2eb49000 rw-p 0186d000 103:02 8665432                   /usr/lib/x86_64-linux-gnu/libnvidia-glcore.so.450.102.04
7f4d2eb49000-7f4d2eb67000 rw-p 00000000 00:00 0 
7f4d2eb67000-7f4d2eb6a000 r-xp 00000000 103:02 8665437                   /usr/lib/x86_64-linux-gnu/libnvidia-tls.so.450.102.04
7f4d2eb6a000-7f4d2ed6a000 ---p 00003000 103:02 8665437                   /usr/lib/x86_64-linux-gnu/libnvidia-tls.so.450.102.04
7f4d2ed6a000-7f4d2ed6b000 rw-p 00003000 103:02 8665437                   /usr/lib/x86_64-linux-gnu/libnvidia-tls.so.450.102.04
7f4d2ed6b000-7f4d2ee15000 r-xp 00000000 103:02 8665428                   /usr/lib/x86_64-linux-gnu/libGLX_nvidia.so.450.102.04
7f4d2ee15000-7f4d2ee4a000 rwxp 000aa000 103:02 8665428                   /usr/lib/x86_64-linux-gnu/libGLX_nvidia.so.450.102.04
7f4d2ee4a000-7f4d2ee59000 r-xp 000df000 103:02 8665428                   /usr/lib/x86_64-linux-gnu/libGLX_nvidia.so.450.102.04
7f4d2ee59000-7f4d2f058000 ---p 000ee000 103:02 8665428                   /usr/lib/x86_64-linux-gnu/libGLX_nvidia.so.450.102.04
7f4d2f058000-7f4d2f07c000 rw-p 000ed000 103:02 8665428                   /usr/lib/x86_64-linux-gnu/libGLX_nvidia.so.450.102.04
7f4d2f07c000-7f4d2f07e000 rw-p 00000000 00:00 0 
7f4d2f07e000-7f4d2f081000 r--p 00000000 103:02 8658041                   /usr/lib/x86_64-linux-gnu/libGLX.so.0.0.0
7f4d2f081000-7f4d2f09c000 r-xp 00003000 103:02 8658041                   /usr/lib/x86_64-linux-gnu/libGLX.so.0.0.0
7f4d2f09c000-7f4d2f0a0000 r--p 0001e000 103:02 8658041                   /usr/lib/x86_64-linux-gnu/libGLX.so.0.0.0
7f4d2f0a0000-7f4d2f0a1000 r--p 00021000 103:02 8658041                   /usr/lib/x86_64-linux-gnu/libGLX.so.0.0.0
7f4d2f0a1000-7f4d2f0a2000 rw-p 00022000 103:02 8658041                   /usr/lib/x86_64-linux-gnu/libGLX.so.0.0.0
7f4d2f0a2000-7f4d2f0b2000 rw-p 00000000 00:00 0 
7f4d2f0b2000-7f4d2f0f2000 r--p 00000000 103:02 8654099                   /usr/lib/x86_64-linux-gnu/libGLdispatch.so.0.0.0
7f4d2f0f2000-7f4d2f131000 r-xp 00040000 103:02 8654099                   /usr/lib/x86_64-linux-gnu/libGLdispatch.so.0.0.0
7f4d2f131000-7f4d2f145000 r--p 0007f000 103:02 8654099                   /usr/lib/x86_64-linux-gnu/libGLdispatch.so.0.0.0
7f4d2f145000-7f4d2f161000 r--p 00092000 103:02 8654099                   /usr/lib/x86_64-linux-gnu/libGLdispatch.so.0.0.0
7f4d2f161000-7f4d2f162000 rw-p 000ae000 103:02 8654099                   /usr/lib/x86_64-linux-gnu/libGLdispatch.so.0.0.0
7f4d2f162000-7f4d2f16a000 rw-p 00000000 00:00 0 
7f4d2f16a000-7f4d2f1ad000 r--p 00000000 103:02 8654088                   /usr/lib/x86_64-linux-gnu/libGL.so.1.7.0
7f4d2f1ad000-7f4d2f1cd000 r-xp 00043000 103:02 8654088                   /usr/lib/x86_64-linux-gnu/libGL.so.1.7.0
7f4d2f1cd000-7f4d2f1e2000 r--p 00063000 103:02 8654088                   /usr/lib/x86_64-linux-gnu/libGL.so.1.7.0
7f4d2f1e2000-7f4d2f1f0000 r--p 00077000 103:02 8654088                   /usr/lib/x86_64-linux-gnu/libGL.so.1.7.0
7f4d2f1f0000-7f4d2f1f1000 rw-p 00085000 103:02 8654088                   /usr/lib/x86_64-linux-gnu/libGL.so.1.7.0
7f4d2f1f1000-7f4d2f1f2000 rw-p 00000000 00:00 0 
7f4d2f1fa000-7f4d2f1fe000 r--p 00000000 103:02 8658002                   /usr/lib/x86_64-linux-gnu/libdrm.so.2.4.0
7f4d2f1fe000-7f4d2f208000 r-xp 00004000 103:02 8658002                   /usr/lib/x86_64-linux-gnu/libdrm.so.2.4.0
7f4d2f208000-7f4d2f20c000 r--p 0000e000 103:02 8658002                   /usr/lib/x86_64-linux-gnu/libdrm.so.2.4.0
7f4d2f20c000-7f4d2f20d000 r--p 00011000 103:02 8658002                   /usr/lib/x86_64-linux-gnu/libdrm.so.2.4.0
7f4d2f20d000-7f4d2f20e000 rw-p 00012000 103:02 8658002                   /usr/lib/x86_64-linux-gnu/libdrm.so.2.4.0
7f4d2f20e000-7f4d2f21e000 rw-s 00000000 00:05 546                        /dev/nvidia0
7f4d2f21e000-7f4d2f220000 r--p 00000000 103:02 8658081                   /usr/lib/x86_64-linux-gnu/libXfixes.so.3.1.0
7f4d2f220000-7f4d2f223000 r-xp 00002000 103:02 8658081                   /usr/lib/x86_64-linux-gnu/libXfixes.so.3.1.0
7f4d2f223000-7f4d2f224000 r--p 00005000 103:02 8658081                   /usr/lib/x86_64-linux-gnu/libXfixes.so.3.1.0
7f4d2f224000-7f4d2f225000 r--p 00005000 103:02 8658081                   /usr/lib/x86_64-linux-gnu/libXfixes.so.3.1.0
7f4d2f225000-7f4d2f226000 rw-p 00006000 103:02 8658081                   /usr/lib/x86_64-linux-gnu/libXfixes.so.3.1.0
7f4d2f226000-7f4d2f229000 r--p 00000000 103:02 8658073                   /usr/lib/x86_64-linux-gnu/libXcursor.so.1.0.2
7f4d2f229000-7f4d2f22f000 r-xp 00003000 103:02 8658073                   /usr/lib/x86_64-linux-gnu/libXcursor.so.1.0.2
7f4d2f22f000-7f4d2f231000 r--p 00009000 103:02 8658073                   /usr/lib/x86_64-linux-gnu/libXcursor.so.1.0.2
7f4d2f231000-7f4d2f232000 r--p 0000a000 103:02 8658073                   /usr/lib/x86_64-linux-gnu/libXcursor.so.1.0.2
7f4d2f232000-7f4d2f233000 rw-p 0000b000 103:02 8658073                   /usr/lib/x86_64-linux-gnu/libXcursor.so.1.0.2
7f4d2f233000-7f4d2f23c000 r-xp 00000000 103:02 8658099                   /usr/lib/x86_64-linux-gnu/libXrender.so.1.3.0
7f4d2f23c000-7f4d2f43b000 ---p 00009000 103:02 8658099                   /usr/lib/x86_64-linux-gnu/libXrender.so.1.3.0
7f4d2f43b000-7f4d2f43c000 r--p 00008000 103:02 8658099                   /usr/lib/x86_64-linux-gnu/libXrender.so.1.3.0
7f4d2f43c000-7f4d2f43d000 rw-p 00009000 103:02 8658099                   /usr/lib/x86_64-linux-gnu/libXrender.so.1.3.0
7f4d2f43d000-7f4d2f43f000 r--p 00000000 103:02 8658087                   /usr/lib/x86_64-linux-gnu/libXi.so.6.1.0
7f4d2f43f000-7f4d2f44a000 r-xp 00002000 103:02 8658087                   /usr/lib/x86_64-linux-gnu/libXi.so.6.1.0
7f4d2f44a000-7f4d2f44d000 r--p 0000d000 103:02 8658087                   /usr/lib/x86_64-linux-gnu/libXi.so.6.1.0
7f4d2f44d000-7f4d2f44e000 r--p 0000f000 103:02 8658087                   /usr/lib/x86_64-linux-gnu/libXi.so.6.1.0
7f4d2f44e000-7f4d2f44f000 rw-p 00010000 103:02 8658087                   /usr/lib/x86_64-linux-gnu/libXi.so.6.1.0
7f4d2f44f000-7f4d2f453000 r--p 00000000 103:02 8658079                   /usr/lib/x86_64-linux-gnu/libXext.so.6.4.0
7f4d2f453000-7f4d2f45e000 r-xp 00004000 103:02 8658079                   /usr/lib/x86_64-linux-gnu/libXext.so.6.4.0
7f4d2f45e000-7f4d2f462000 r--p 0000f000 103:02 8658079                   /usr/lib/x86_64-linux-gnu/libXext.so.6.4.0
7f4d2f462000-7f4d2f463000 r--p 00012000 103:02 8658079                   /usr/lib/x86_64-linux-gnu/libXext.so.6.4.0
7f4d2f463000-7f4d2f464000 rw-p 00013000 103:02 8658079                   /usr/lib/x86_64-linux-gnu/libXext.so.6.4.0
7f4d2f464000-7f4d2f468000 r--p 00000000 103:02 8658233                   /usr/lib/x86_64-linux-gnu/libbsd.so.0.10.0
7f4d2f468000-7f4d2f477000 r-xp 00004000 103:02 8658233                   /usr/lib/x86_64-linux-gnu/libbsd.so.0.10.0
7f4d2f477000-7f4d2f47a000 r--p 00013000 103:02 8658233                   /usr/lib/x86_64-linux-gnu/libbsd.so.0.10.0
7f4d2f47a000-7f4d2f47b000 ---p 00016000 103:02 8658233                   /usr/lib/x86_64-linux-gnu/libbsd.so.0.10.0
7f4d2f47b000-7f4d2f47c000 r--p 00016000 103:02 8658233                   /usr/lib/x86_64-linux-gnu/libbsd.so.0.10.0
7f4d2f47c000-7f4d2f47d000 rw-p 00017000 103:02 8658233                   /usr/lib/x86_64-linux-gnu/libbsd.so.0.10.0
7f4d2f47d000-7f4d2f47e000 rw-p 00000000 00:00 0 
7f4d2f47e000-7f4d2f489000 r--p 00000000 103:02 8659537                   /usr/lib/x86_64-linux-gnu/libxcb.so.1.1.0
7f4d2f489000-7f4d2f49d000 r-xp 0000b000 103:02 8659537                   /usr/lib/x86_64-linux-gnu/libxcb.so.1.1.0
7f4d2f49d000-7f4d2f4a6000 r--p 0001f000 103:02 8659537                   /usr/lib/x86_64-linux-gnu/libxcb.so.1.1.0
7f4d2f4a6000-7f4d2f4a7000 r--p 00027000 103:02 8659537                   /usr/lib/x86_64-linux-gnu/libxcb.so.1.1.0
7f4d2f4a7000-7f4d2f4a8000 rw-p 00028000 103:02 8659537                   /usr/lib/x86_64-linux-gnu/libxcb.so.1.1.0
7f4d2f4a8000-7f4d2f4c0000 r--p 00000000 103:02 8656138                   /usr/lib/x86_64-linux-gnu/libX11.so.6.3.0
7f4d2f4c0000-7f4d2f54b000 r-xp 00018000 103:02 8656138                   /usr/lib/x86_64-linux-gnu/libX11.so.6.3.0
7f4d2f54b000-7f4d2f5df000 r--p 000a3000 103:02 8656138                   /usr/lib/x86_64-linux-gnu/libX11.so.6.3.0
7f4d2f5df000-7f4d2f5e0000 ---p 00137000 103:02 8656138                   /usr/lib/x86_64-linux-gnu/libX11.so.6.3.0
7f4d2f5e0000-7f4d2f5e1000 r--p 00137000 103:02 8656138                   /usr/lib/x86_64-linux-gnu/libX11.so.6.3.0
7f4d2f5e1000-7f4d2f5e5000 rw-p 00138000 103:02 8656138                   /usr/lib/x86_64-linux-gnu/libX11.so.6.3.0
7f4d2f5ed000-7f4d2f5f8000 r--p 00000000 103:02 8659505                   /usr/lib/x86_64-linux-gnu/libxcb-glx.so.0.0.0
7f4d2f5f8000-7f4d2f601000 r-xp 0000b000 103:02 8659505                   /usr/lib/x86_64-linux-gnu/libxcb-glx.so.0.0.0
7f4d2f601000-7f4d2f606000 r--p 00014000 103:02 8659505                   /usr/lib/x86_64-linux-gnu/libxcb-glx.so.0.0.0
7f4d2f606000-7f4d2f607000 ---p 00019000 103:02 8659505                   /usr/lib/x86_64-linux-gnu/libxcb-glx.so.0.0.0
7f4d2f607000-7f4d2f609000 r--p 00019000 103:02 8659505                   /usr/lib/x86_64-linux-gnu/libxcb-glx.so.0.0.0
7f4d2f609000-7f4d2f60a000 rw-p 0001b000 103:02 8659505                   /usr/lib/x86_64-linux-gnu/libxcb-glx.so.0.0.0
7f4d2f60a000-7f4d2f611000 r--s 00000000 103:02 9310734                   /usr/lib/x86_64-linux-gnu/gconv/gconv-modules.cache
7f4d2f611000-7f4d2f654000 r-xp 00000000 103:02 6172689                   /tmp/lwjgldaniel/3.2.3-build-13/libglfw.so
7f4d2f654000-7f4d2f853000 ---p 00043000 103:02 6172689                   /tmp/lwjgldaniel/3.2.3-build-13/libglfw.so
7f4d2f853000-7f4d2f854000 r--p 00042000 103:02 6172689                   /tmp/lwjgldaniel/3.2.3-build-13/libglfw.so
7f4d2f854000-7f4d2f856000 rw-p 00043000 103:02 6172689                   /tmp/lwjgldaniel/3.2.3-build-13/libglfw.so
7f4d2f856000-7f4d2f877000 rw-p 00000000 00:00 0 
7f4d2f877000-7f4d2f8c8000 r-xp 00000000 103:02 6172678                   /tmp/lwjgldaniel/3.2.3-build-13/liblwjgl.so
7f4d2f8c8000-7f4d2fac7000 ---p 00051000 103:02 6172678                   /tmp/lwjgldaniel/3.2.3-build-13/liblwjgl.so
7f4d2fac7000-7f4d2fac8000 r--p 00050000 103:02 6172678                   /tmp/lwjgldaniel/3.2.3-build-13/liblwjgl.so
7f4d2fac8000-7f4d2fac9000 rw-p 00051000 103:02 6172678                   /tmp/lwjgldaniel/3.2.3-build-13/liblwjgl.so
7f4d2fac9000-7f4d2fafa000 rw-p 00000000 00:00 0 
7f4d2fafa000-7f4d2fafe000 ---p 00000000 00:00 0 
7f4d2fafe000-7f4d2fbfb000 rw-p 00000000 00:00 0 
7f4d2fbfb000-7f4d2fbfc000 ---p 00000000 00:00 0 
7f4d2fbfc000-7f4d2fcfd000 rw-p 00000000 00:00 0 
7f4d2fcfd000-7f4d2fd01000 ---p 00000000 00:00 0 
7f4d2fd01000-7f4d2fdfe000 rw-p 00000000 00:00 0 
7f4d2fdfe000-7f4d2fe02000 ---p 00000000 00:00 0 
7f4d2fe02000-7f4d2feff000 rw-p 00000000 00:00 0 
7f4d2feff000-7f4d2ff03000 ---p 00000000 00:00 0 
7f4d2ff03000-7f4d30000000 rw-p 00000000 00:00 0 
7f4d30000000-7f4d30021000 rw-p 00000000 00:00 0 
7f4d30021000-7f4d34000000 ---p 00000000 00:00 0 
7f4d34000000-7f4d34021000 rw-p 00000000 00:00 0 
7f4d34021000-7f4d38000000 ---p 00000000 00:00 0 
7f4d38000000-7f4d38021000 rw-p 00000000 00:00 0 
7f4d38021000-7f4d3c000000 ---p 00000000 00:00 0 
7f4d3c000000-7f4d3c021000 rw-p 00000000 00:00 0 
7f4d3c021000-7f4d40000000 ---p 00000000 00:00 0 
7f4d40000000-7f4d40021000 rw-p 00000000 00:00 0 
7f4d40021000-7f4d44000000 ---p 00000000 00:00 0 
7f4d44000000-7f4d44021000 rw-p 00000000 00:00 0 
7f4d44021000-7f4d48000000 ---p 00000000 00:00 0 
7f4d48000000-7f4d48021000 rw-p 00000000 00:00 0 
7f4d48021000-7f4d4c000000 ---p 00000000 00:00 0 
7f4d4c000000-7f4d4c021000 rw-p 00000000 00:00 0 
7f4d4c021000-7f4d50000000 ---p 00000000 00:00 0 
7f4d50000000-7f4d50021000 rw-p 00000000 00:00 0 
7f4d50021000-7f4d54000000 ---p 00000000 00:00 0 
7f4d54000000-7f4d54002000 r--p 00000000 103:02 8658097                   /usr/lib/x86_64-linux-gnu/libXrandr.so.2.2.0
7f4d54002000-7f4d54009000 r-xp 00002000 103:02 8658097                   /usr/lib/x86_64-linux-gnu/libXrandr.so.2.2.0
7f4d54009000-7f4d5400b000 r--p 00009000 103:02 8658097                   /usr/lib/x86_64-linux-gnu/libXrandr.so.2.2.0
7f4d5400b000-7f4d5400c000 r--p 0000a000 103:02 8658097                   /usr/lib/x86_64-linux-gnu/libXrandr.so.2.2.0
7f4d5400c000-7f4d5400d000 rw-p 0000b000 103:02 8658097                   /usr/lib/x86_64-linux-gnu/libXrandr.so.2.2.0
7f4d5400d000-7f4d54011000 ---p 00000000 00:00 0 
7f4d54011000-7f4d5410e000 rw-p 00000000 00:00 0 
7f4d5410e000-7f4d54112000 ---p 00000000 00:00 0 
7f4d54112000-7f4d5420f000 rw-p 00000000 00:00 0 
7f4d5420f000-7f4d5477f000 r--p 00000000 103:02 8653796                   /usr/lib/locale/locale-archive
7f4d5477f000-7f4d54783000 ---p 00000000 00:00 0 
7f4d54783000-7f4d54880000 rw-p 00000000 00:00 0 
7f4d54880000-7f4d54884000 ---p 00000000 00:00 0 
7f4d54884000-7f4d54981000 rw-p 00000000 00:00 0 
7f4d54981000-7f4d54982000 ---p 00000000 00:00 0 
7f4d54982000-7f4d55004000 rw-p 00000000 00:00 0 
7f4d55004000-7f4d55304000 ---p 00000000 00:00 0 
7f4d55304000-7f4d55305000 ---p 00000000 00:00 0 
7f4d55305000-7f4d55406000 rw-p 00000000 00:00 0 
7f4d55406000-7f4d55407000 ---p 00000000 00:00 0 
7f4d55407000-7f4d57efe000 rw-p 00000000 00:00 0 
7f4d57efe000-7f4d5a996000 ---p 00000000 00:00 0 
7f4d5a996000-7f4d5a99e000 rw-p 00000000 00:00 0 
7f4d5a99e000-7f4d5b99e000 ---p 00000000 00:00 0 
7f4d5b99e000-7f4d5bd8e000 rw-p 00000000 00:00 0 
7f4d5bd8e000-7f4d5e826000 ---p 00000000 00:00 0 
7f4d5e826000-7f4d5e82e000 rw-p 00000000 00:00 0 
7f4d5e82e000-7f4d5f82e000 ---p 00000000 00:00 0 
7f4d5f82e000-7f4d5f8ac000 rw-p 00000000 00:00 0 
7f4d5f8ac000-7f4d5fdff000 ---p 00000000 00:00 0 
7f4d5fdff000-7f4d5fe00000 rw-p 00000000 00:00 0 
7f4d5fe00000-7f4d60000000 ---p 00000000 00:00 0 
7f4d60000000-7f4d60021000 rw-p 00000000 00:00 0 
7f4d60021000-7f4d64000000 ---p 00000000 00:00 0 
7f4d64001000-7f4d64002000 r--p 00000000 103:02 8656750                   /usr/lib/x86_64-linux-gnu/libX11-xcb.so.1.0.0
7f4d64002000-7f4d64003000 r-xp 00001000 103:02 8656750                   /usr/lib/x86_64-linux-gnu/libX11-xcb.so.1.0.0
7f4d64003000-7f4d64004000 r--p 00002000 103:02 8656750                   /usr/lib/x86_64-linux-gnu/libX11-xcb.so.1.0.0
7f4d64004000-7f4d64005000 r--p 00002000 103:02 8656750                   /usr/lib/x86_64-linux-gnu/libX11-xcb.so.1.0.0
7f4d64005000-7f4d64006000 rw-p 00003000 103:02 8656750                   /usr/lib/x86_64-linux-gnu/libX11-xcb.so.1.0.0
7f4d64006000-7f4d64007000 r--p 00000000 103:02 8658115                   /usr/lib/x86_64-linux-gnu/libXxf86vm.so.1.0.0
7f4d64007000-7f4d6400a000 r-xp 00001000 103:02 8658115                   /usr/lib/x86_64-linux-gnu/libXxf86vm.so.1.0.0
7f4d6400a000-7f4d6400b000 r--p 00004000 103:02 8658115                   /usr/lib/x86_64-linux-gnu/libXxf86vm.so.1.0.0
7f4d6400b000-7f4d6400c000 r--p 00004000 103:02 8658115                   /usr/lib/x86_64-linux-gnu/libXxf86vm.so.1.0.0
7f4d6400c000-7f4d6400d000 rw-p 00005000 103:02 8658115                   /usr/lib/x86_64-linux-gnu/libXxf86vm.so.1.0.0
7f4d6400d000-7f4d6400f000 r--p 00000000 103:02 8658077                   /usr/lib/x86_64-linux-gnu/libXdmcp.so.6.0.0
7f4d6400f000-7f4d64011000 r-xp 00002000 103:02 8658077                   /usr/lib/x86_64-linux-gnu/libXdmcp.so.6.0.0
7f4d64011000-7f4d64013000 r--p 00004000 103:02 8658077                   /usr/lib/x86_64-linux-gnu/libXdmcp.so.6.0.0
7f4d64013000-7f4d64014000 r--p 00005000 103:02 8658077                   /usr/lib/x86_64-linux-gnu/libXdmcp.so.6.0.0
7f4d64014000-7f4d64015000 rw-p 00006000 103:02 8658077                   /usr/lib/x86_64-linux-gnu/libXdmcp.so.6.0.0
7f4d64015000-7f4d64016000 r--p 00000000 103:02 8658066                   /usr/lib/x86_64-linux-gnu/libXau.so.6.0.0
7f4d64016000-7f4d64018000 r-xp 00001000 103:02 8658066                   /usr/lib/x86_64-linux-gnu/libXau.so.6.0.0
7f4d64018000-7f4d64019000 r--p 00003000 103:02 8658066                   /usr/lib/x86_64-linux-gnu/libXau.so.6.0.0
7f4d64019000-7f4d6401a000 r--p 00003000 103:02 8658066                   /usr/lib/x86_64-linux-gnu/libXau.so.6.0.0
7f4d6401a000-7f4d6401b000 rw-p 00004000 103:02 8658066                   /usr/lib/x86_64-linux-gnu/libXau.so.6.0.0
7f4d6401b000-7f4d6413d000 rw-p 00000000 00:00 0 
7f4d6413d000-7f4d64690000 ---p 00000000 00:00 0 
7f4d64690000-7f4d64691000 rw-p 00000000 00:00 0 
7f4d64691000-7f4d64891000 ---p 00000000 00:00 0 
7f4d64891000-7f4d64b01000 rwxp 00000000 00:00 0 
7f4d64b01000-7f4d64e22000 ---p 00000000 00:00 0 
7f4d64e22000-7f4d65092000 rwxp 00000000 00:00 0 
7f4d65092000-7f4d6c359000 ---p 00000000 00:00 0 
7f4d6c359000-7f4d6c5c9000 rwxp 00000000 00:00 0 
7f4d6c5c9000-7f4d73891000 ---p 00000000 00:00 0 
7f4d73891000-7f4d7c000000 r--s 00000000 103:02 8675931                   /usr/lib/jvm/java-11-openjdk-amd64/lib/modules
7f4d7c000000-7f4d7c755000 rw-p 00000000 00:00 0 
7f4d7c755000-7f4d80000000 ---p 00000000 00:00 0 
7f4d80003000-7f4d80007000 r--p 00000000 103:02 8675921                   /usr/lib/jvm/java-11-openjdk-amd64/lib/libnet.so
7f4d80007000-7f4d80016000 r-xp 00004000 103:02 8675921                   /usr/lib/jvm/java-11-openjdk-amd64/lib/libnet.so
7f4d80016000-7f4d8001a000 r--p 00013000 103:02 8675921                   /usr/lib/jvm/java-11-openjdk-amd64/lib/libnet.so
7f4d8001a000-7f4d8001b000 r--p 00016000 103:02 8675921                   /usr/lib/jvm/java-11-openjdk-amd64/lib/libnet.so
7f4d8001b000-7f4d8001c000 rw-p 00017000 103:02 8675921                   /usr/lib/jvm/java-11-openjdk-amd64/lib/libnet.so
7f4d8001c000-7f4d8023f000 rw-p 00000000 00:00 0 
7f4d8023f000-7f4d80240000 ---p 00000000 00:00 0 
7f4d80240000-7f4d80341000 rw-p 00000000 00:00 0 
7f4d80341000-7f4d80342000 ---p 00000000 00:00 0 
7f4d80342000-7f4d805c4000 rw-p 00000000 00:00 0 
7f4d805c4000-7f4d80b17000 ---p 00000000 00:00 0 
7f4d80b17000-7f4d80b18000 rw-p 00000000 00:00 0 
7f4d80b18000-7f4d80d18000 ---p 00000000 00:00 0 
7f4d80d18000-7f4d81520000 rw-p 00000000 00:00 0 
7f4d81520000-7f4d81521000 ---p 00000000 00:00 0 
7f4d81521000-7f4d81627000 rw-p 00000000 00:00 0 
7f4d81627000-7f4d8170d000 ---p 00000000 00:00 0 
7f4d8170d000-7f4d81712000 rw-p 00000000 00:00 0 
7f4d81712000-7f4d817f8000 ---p 00000000 00:00 0 
7f4d817f8000-7f4d817fb000 r--p 00000000 103:02 8650902                   /usr/lib/x86_64-linux-gnu/libnss_files-2.31.so
7f4d817fb000-7f4d81802000 r-xp 00003000 103:02 8650902                   /usr/lib/x86_64-linux-gnu/libnss_files-2.31.so
7f4d81802000-7f4d81804000 r--p 0000a000 103:02 8650902                   /usr/lib/x86_64-linux-gnu/libnss_files-2.31.so
7f4d81804000-7f4d81805000 r--p 0000b000 103:02 8650902                   /usr/lib/x86_64-linux-gnu/libnss_files-2.31.so
7f4d81805000-7f4d81806000 rw-p 0000c000 103:02 8650902                   /usr/lib/x86_64-linux-gnu/libnss_files-2.31.so
7f4d81806000-7f4d8180c000 rw-p 00000000 00:00 0 
7f4d8180e000-7f4d81815000 r--p 00000000 103:02 8675922                   /usr/lib/jvm/java-11-openjdk-amd64/lib/libnio.so
7f4d81815000-7f4d8181d000 r-xp 00007000 103:02 8675922                   /usr/lib/jvm/java-11-openjdk-amd64/lib/libnio.so
7f4d8181d000-7f4d81820000 r--p 0000f000 103:02 8675922                   /usr/lib/jvm/java-11-openjdk-amd64/lib/libnio.so
7f4d81820000-7f4d81821000 r--p 00011000 103:02 8675922                   /usr/lib/jvm/java-11-openjdk-amd64/lib/libnio.so
7f4d81821000-7f4d81822000 rw-p 00012000 103:02 8675922                   /usr/lib/jvm/java-11-openjdk-amd64/lib/libnio.so
7f4d81822000-7f4d81827000 rw-p 00000000 00:00 0 
7f4d81827000-7f4d8182e000 ---p 00000000 00:00 0 
7f4d8182e000-7f4d81830000 r--p 00000000 103:02 8675930                   /usr/lib/jvm/java-11-openjdk-amd64/lib/libzip.so
7f4d81830000-7f4d81834000 r-xp 00002000 103:02 8675930                   /usr/lib/jvm/java-11-openjdk-amd64/lib/libzip.so
7f4d81834000-7f4d81836000 r--p 00006000 103:02 8675930                   /usr/lib/jvm/java-11-openjdk-amd64/lib/libzip.so
7f4d81836000-7f4d81837000 r--p 00007000 103:02 8675930                   /usr/lib/jvm/java-11-openjdk-amd64/lib/libzip.so
7f4d81837000-7f4d81838000 rw-p 00008000 103:02 8675930                   /usr/lib/jvm/java-11-openjdk-amd64/lib/libzip.so
7f4d81838000-7f4d81846000 r--p 00000000 103:02 8675909                   /usr/lib/jvm/java-11-openjdk-amd64/lib/libjava.so
7f4d81846000-7f4d8185c000 r-xp 0000e000 103:02 8675909                   /usr/lib/jvm/java-11-openjdk-amd64/lib/libjava.so
7f4d8185c000-7f4d81863000 r--p 00024000 103:02 8675909                   /usr/lib/jvm/java-11-openjdk-amd64/lib/libjava.so
7f4d81863000-7f4d81864000 r--p 0002a000 103:02 8675909                   /usr/lib/jvm/java-11-openjdk-amd64/lib/libjava.so
7f4d81864000-7f4d81865000 rw-p 0002b000 103:02 8675909                   /usr/lib/jvm/java-11-openjdk-amd64/lib/libjava.so
7f4d81865000-7f4d81866000 rw-p 00000000 00:00 0 
7f4d81866000-7f4d81869000 r--p 00000000 103:02 8651014                   /usr/lib/x86_64-linux-gnu/librt-2.31.so
7f4d81869000-7f4d8186d000 r-xp 00003000 103:02 8651014                   /usr/lib/x86_64-linux-gnu/librt-2.31.so
7f4d8186d000-7f4d8186e000 r--p 00007000 103:02 8651014                   /usr/lib/x86_64-linux-gnu/librt-2.31.so
7f4d8186e000-7f4d8186f000 ---p 00008000 103:02 8651014                   /usr/lib/x86_64-linux-gnu/librt-2.31.so
7f4d8186f000-7f4d81870000 r--p 00008000 103:02 8651014                   /usr/lib/x86_64-linux-gnu/librt-2.31.so
7f4d81870000-7f4d81871000 rw-p 00009000 103:02 8651014                   /usr/lib/x86_64-linux-gnu/librt-2.31.so
7f4d81871000-7f4d81875000 ---p 00000000 00:00 0 
7f4d81875000-7f4d81972000 rw-p 00000000 00:00 0 
7f4d81972000-7f4d81975000 r--p 00000000 103:02 8652928                   /usr/lib/x86_64-linux-gnu/libgcc_s.so.1
7f4d81975000-7f4d81987000 r-xp 00003000 103:02 8652928                   /usr/lib/x86_64-linux-gnu/libgcc_s.so.1
7f4d81987000-7f4d8198b000 r--p 00015000 103:02 8652928                   /usr/lib/x86_64-linux-gnu/libgcc_s.so.1
7f4d8198b000-7f4d8198c000 r--p 00018000 103:02 8652928                   /usr/lib/x86_64-linux-gnu/libgcc_s.so.1
7f4d8198c000-7f4d8198d000 rw-p 00019000 103:02 8652928                   /usr/lib/x86_64-linux-gnu/libgcc_s.so.1
7f4d8198d000-7f4d8199c000 r--p 00000000 103:02 8650874                   /usr/lib/x86_64-linux-gnu/libm-2.31.so
7f4d8199c000-7f4d81a43000 r-xp 0000f000 103:02 8650874                   /usr/lib/x86_64-linux-gnu/libm-2.31.so
7f4d81a43000-7f4d81ada000 r--p 000b6000 103:02 8650874                   /usr/lib/x86_64-linux-gnu/libm-2.31.so
7f4d81ada000-7f4d81adb000 r--p 0014c000 103:02 8650874                   /usr/lib/x86_64-linux-gnu/libm-2.31.so
7f4d81adb000-7f4d81adc000 rw-p 0014d000 103:02 8650874                   /usr/lib/x86_64-linux-gnu/libm-2.31.so
7f4d81adc000-7f4d81b72000 r--p 00000000 103:02 8652962                   /usr/lib/x86_64-linux-gnu/libstdc++.so.6.0.28
7f4d81b72000-7f4d81c62000 r-xp 00096000 103:02 8652962                   /usr/lib/x86_64-linux-gnu/libstdc++.so.6.0.28
7f4d81c62000-7f4d81cab000 r--p 00186000 103:02 8652962                   /usr/lib/x86_64-linux-gnu/libstdc++.so.6.0.28
7f4d81cab000-7f4d81cac000 ---p 001cf000 103:02 8652962                   /usr/lib/x86_64-linux-gnu/libstdc++.so.6.0.28
7f4d81cac000-7f4d81cb7000 r--p 001cf000 103:02 8652962                   /usr/lib/x86_64-linux-gnu/libstdc++.so.6.0.28
7f4d81cb7000-7f4d81cba000 rw-p 001da000 103:02 8652962                   /usr/lib/x86_64-linux-gnu/libstdc++.so.6.0.28
7f4d81cba000-7f4d81cbd000 rw-p 00000000 00:00 0 
7f4d81cbd000-7f4d81f36000 r--p 00000000 103:02 8675934                   /usr/lib/jvm/java-11-openjdk-amd64/lib/server/libjvm.so
7f4d81f36000-7f4d82bb7000 r-xp 00279000 103:02 8675934                   /usr/lib/jvm/java-11-openjdk-amd64/lib/server/libjvm.so
7f4d82bb7000-7f4d82e0d000 r--p 00efa000 103:02 8675934                   /usr/lib/jvm/java-11-openjdk-amd64/lib/server/libjvm.so
7f4d82e0d000-7f4d82e0e000 ---p 01150000 103:02 8675934                   /usr/lib/jvm/java-11-openjdk-amd64/lib/server/libjvm.so
7f4d82e0e000-7f4d82ecf000 r--p 01150000 103:02 8675934                   /usr/lib/jvm/java-11-openjdk-amd64/lib/server/libjvm.so
7f4d82ecf000-7f4d82f0a000 rw-p 01211000 103:02 8675934                   /usr/lib/jvm/java-11-openjdk-amd64/lib/server/libjvm.so
7f4d82f0a000-7f4d82f63000 rw-p 00000000 00:00 0 
7f4d82f63000-7f4d82f6a000 r--p 00000000 103:02 8650980                   /usr/lib/x86_64-linux-gnu/libpthread-2.31.so
7f4d82f6a000-7f4d82f7b000 r-xp 00007000 103:02 8650980                   /usr/lib/x86_64-linux-gnu/libpthread-2.31.so
7f4d82f7b000-7f4d82f80000 r--p 00018000 103:02 8650980                   /usr/lib/x86_64-linux-gnu/libpthread-2.31.so
7f4d82f80000-7f4d82f81000 r--p 0001c000 103:02 8650980                   /usr/lib/x86_64-linux-gnu/libpthread-2.31.so
7f4d82f81000-7f4d82f82000 rw-p 0001d000 103:02 8650980                   /usr/lib/x86_64-linux-gnu/libpthread-2.31.so
7f4d82f82000-7f4d82f86000 rw-p 00000000 00:00 0 
7f4d82f86000-7f4d82f87000 r--p 00000000 103:02 8650873                   /usr/lib/x86_64-linux-gnu/libdl-2.31.so
7f4d82f87000-7f4d82f89000 r-xp 00001000 103:02 8650873                   /usr/lib/x86_64-linux-gnu/libdl-2.31.so
7f4d82f89000-7f4d82f8a000 r--p 00003000 103:02 8650873                   /usr/lib/x86_64-linux-gnu/libdl-2.31.so
7f4d82f8a000-7f4d82f8b000 r--p 00003000 103:02 8650873                   /usr/lib/x86_64-linux-gnu/libdl-2.31.so
7f4d82f8b000-7f4d82f8c000 rw-p 00004000 103:02 8650873                   /usr/lib/x86_64-linux-gnu/libdl-2.31.so
7f4d82f8c000-7f4d82f8e000 r--p 00000000 103:02 8651293                   /usr/lib/x86_64-linux-gnu/libz.so.1.2.11
7f4d82f8e000-7f4d82f9f000 r-xp 00002000 103:02 8651293                   /usr/lib/x86_64-linux-gnu/libz.so.1.2.11
7f4d82f9f000-7f4d82fa5000 r--p 00013000 103:02 8651293                   /usr/lib/x86_64-linux-gnu/libz.so.1.2.11
7f4d82fa5000-7f4d82fa6000 ---p 00019000 103:02 8651293                   /usr/lib/x86_64-linux-gnu/libz.so.1.2.11
7f4d82fa6000-7f4d82fa7000 r--p 00019000 103:02 8651293                   /usr/lib/x86_64-linux-gnu/libz.so.1.2.11
7f4d82fa7000-7f4d82fa8000 rw-p 0001a000 103:02 8651293                   /usr/lib/x86_64-linux-gnu/libz.so.1.2.11
7f4d82fa8000-7f4d82fcd000 r--p 00000000 103:02 8650872                   /usr/lib/x86_64-linux-gnu/libc-2.31.so
7f4d82fcd000-7f4d83145000 r-xp 00025000 103:02 8650872                   /usr/lib/x86_64-linux-gnu/libc-2.31.so
7f4d83145000-7f4d8318f000 r--p 0019d000 103:02 8650872                   /usr/lib/x86_64-linux-gnu/libc-2.31.so
7f4d8318f000-7f4d83190000 ---p 001e7000 103:02 8650872                   /usr/lib/x86_64-linux-gnu/libc-2.31.so
7f4d83190000-7f4d83193000 r--p 001e7000 103:02 8650872                   /usr/lib/x86_64-linux-gnu/libc-2.31.so
7f4d83193000-7f4d83196000 rw-p 001ea000 103:02 8650872                   /usr/lib/x86_64-linux-gnu/libc-2.31.so
7f4d83196000-7f4d8319a000 rw-p 00000000 00:00 0 
7f4d8319a000-7f4d8319b000 r--p 00000000 103:02 8658089                   /usr/lib/x86_64-linux-gnu/libXinerama.so.1.0.0
7f4d8319b000-7f4d8319c000 r-xp 00001000 103:02 8658089                   /usr/lib/x86_64-linux-gnu/libXinerama.so.1.0.0
7f4d8319c000-7f4d8319d000 r--p 00002000 103:02 8658089                   /usr/lib/x86_64-linux-gnu/libXinerama.so.1.0.0
7f4d8319d000-7f4d8319e000 r--p 00002000 103:02 8658089                   /usr/lib/x86_64-linux-gnu/libXinerama.so.1.0.0
7f4d8319e000-7f4d8319f000 rw-p 00003000 103:02 8658089                   /usr/lib/x86_64-linux-gnu/libXinerama.so.1.0.0
7f4d8319f000-7f4d831a1000 r--s 0000c000 103:02 9438520                   /usr/share/java/java-atk-wrapper.jar
7f4d831a1000-7f4d831a9000 rw-s 00000000 103:02 6038009                   /tmp/hsperfdata_daniel/23152
7f4d831a9000-7f4d831aa000 ---p 00000000 00:00 0 
7f4d831aa000-7f4d831ab000 r--p 00000000 00:00 0 
7f4d831ab000-7f4d831ad000 r--p 00000000 103:02 8675913                   /usr/lib/jvm/java-11-openjdk-amd64/lib/libjimage.so
7f4d831ad000-7f4d831b0000 r-xp 00002000 103:02 8675913                   /usr/lib/jvm/java-11-openjdk-amd64/lib/libjimage.so
7f4d831b0000-7f4d831b1000 r--p 00005000 103:02 8675913                   /usr/lib/jvm/java-11-openjdk-amd64/lib/libjimage.so
7f4d831b1000-7f4d831b2000 ---p 00006000 103:02 8675913                   /usr/lib/jvm/java-11-openjdk-amd64/lib/libjimage.so
7f4d831b2000-7f4d831b3000 r--p 00006000 103:02 8675913                   /usr/lib/jvm/java-11-openjdk-amd64/lib/libjimage.so
7f4d831b3000-7f4d831b4000 rw-p 00007000 103:02 8675913                   /usr/lib/jvm/java-11-openjdk-amd64/lib/libjimage.so
7f4d831b4000-7f4d831b9000 r--p 00000000 103:02 8675929                   /usr/lib/jvm/java-11-openjdk-amd64/lib/libverify.so
7f4d831b9000-7f4d831c0000 r-xp 00005000 103:02 8675929                   /usr/lib/jvm/java-11-openjdk-amd64/lib/libverify.so
7f4d831c0000-7f4d831c2000 r--p 0000c000 103:02 8675929                   /usr/lib/jvm/java-11-openjdk-amd64/lib/libverify.so
7f4d831c2000-7f4d831c3000 ---p 0000e000 103:02 8675929                   /usr/lib/jvm/java-11-openjdk-amd64/lib/libverify.so
7f4d831c3000-7f4d831c5000 r--p 0000e000 103:02 8675929                   /usr/lib/jvm/java-11-openjdk-amd64/lib/libverify.so
7f4d831c5000-7f4d831c6000 rw-p 00010000 103:02 8675929                   /usr/lib/jvm/java-11-openjdk-amd64/lib/libverify.so
7f4d831c6000-7f4d831c9000 r--p 00000000 103:02 8657505                   /usr/lib/jvm/java-11-openjdk-amd64/lib/jli/libjli.so
7f4d831c9000-7f4d831d3000 r-xp 00003000 103:02 8657505                   /usr/lib/jvm/java-11-openjdk-amd64/lib/jli/libjli.so
7f4d831d3000-7f4d831d6000 r--p 0000d000 103:02 8657505                   /usr/lib/jvm/java-11-openjdk-amd64/lib/jli/libjli.so
7f4d831d6000-7f4d831d7000 ---p 00010000 103:02 8657505                   /usr/lib/jvm/java-11-openjdk-amd64/lib/jli/libjli.so
7f4d831d7000-7f4d831d8000 r--p 00010000 103:02 8657505                   /usr/lib/jvm/java-11-openjdk-amd64/lib/jli/libjli.so
7f4d831d8000-7f4d831d9000 rw-p 00011000 103:02 8657505                   /usr/lib/jvm/java-11-openjdk-amd64/lib/jli/libjli.so
7f4d831d9000-7f4d831db000 rw-p 00000000 00:00 0 
7f4d831db000-7f4d831dc000 r--p 00000000 103:02 8650828                   /usr/lib/x86_64-linux-gnu/ld-2.31.so
7f4d831dc000-7f4d831ff000 r-xp 00001000 103:02 8650828                   /usr/lib/x86_64-linux-gnu/ld-2.31.so
7f4d831ff000-7f4d83207000 r--p 00024000 103:02 8650828                   /usr/lib/x86_64-linux-gnu/ld-2.31.so
7f4d83207000-7f4d83208000 r-xp 00000000 00:00 0 
7f4d83208000-7f4d83209000 r--p 0002c000 103:02 8650828                   /usr/lib/x86_64-linux-gnu/ld-2.31.so
7f4d83209000-7f4d8320a000 rw-p 0002d000 103:02 8650828                   /usr/lib/x86_64-linux-gnu/ld-2.31.so
7f4d8320a000-7f4d8320b000 rw-p 00000000 00:00 0 
7fff6314a000-7fff6316c000 rw-p 00000000 00:00 0                          [stack]
7fff6318d000-7fff63191000 r--p 00000000 00:00 0                          [vvar]
7fff63191000-7fff63193000 r-xp 00000000 00:00 0                          [vdso]
ffffffffff600000-ffffffffff601000 --xp 00000000 00:00 0                  [vsyscall]


VM Arguments:
jvm_args: -Dfile.encoding=UTF-8 -Duser.country=GB -Duser.language=en -Duser.variant -ea 
java_command: Main
java_class_path (initial): /home/daniel/ideaprojects/Spaghetti-Sprawl/build/classes/java/main:/home/daniel/ideaprojects/Spaghetti-Sprawl/build/resources/main:/home/daniel/.gradle/caches/modules-2/files-2.1/org.lwjgl/lwjgl-assimp/3.2.3/f62aa07a20afbdd3097efc296c4841e0d29700eb/lwjgl-assimp-3.2.3.jar:/home/daniel/.gradle/caches/modules-2/files-2.1/org.lwjgl/lwjgl-assimp/3.2.3/9ecc218db17c49f2819a5a80dee7efea65a9ac4f/lwjgl-assimp-3.2.3-natives-linux.jar:/home/daniel/.gradle/caches/modules-2/files-2.1/org.lwjgl/lwjgl-glfw/3.2.3/5e520d5c290c8b012545a8d34fa5db5ab051ea53/lwjgl-glfw-3.2.3.jar:/home/daniel/.gradle/caches/modules-2/files-2.1/org.lwjgl/lwjgl-glfw/3.2.3/62b044d9b0a057444bef2ab70b9afc288ec09dba/lwjgl-glfw-3.2.3-natives-linux.jar:/home/daniel/.gradle/caches/modules-2/files-2.1/org.lwjgl/lwjgl-nfd/3.2.3/c44fee1043c022cf6614a28872d44cf114ca7737/lwjgl-nfd-3.2.3.jar:/home/daniel/.gradle/caches/modules-2/files-2.1/org.lwjgl/lwjgl-nfd/3.2.3/e473f9c4814eb3e3cb8a8235266b10fee8063d09/lwjgl-nfd-3.2.3-natives-linux.jar:/home/daniel/.gradle/caches/modules-2/files-2.1/org.lwjgl/lwjgl-openal/3.2.3/106742e805803ab9eab8e343f0fb31a3d263903c/lwjgl-openal-3.2.3.jar:/home/daniel/.gradle/caches/modules-2/files-2.1/org.lwjgl/lwjgl-openal/3.2.3/869ddd9dbbf92a7d1be7f5942ca0adbde068d999/lwjgl-openal-3.2.3-natives-linux.jar:/home/daniel/.gradle/caches/modules-2/files-2.1/org.lwjgl/lwjgl-opengl/3.2.3/bdd534a323d0c8f54969b95e424b6ac8984f7d6e/lwjgl-opengl-3.2.3.jar:/home/daniel/.gradle/caches/modules-2/files-2.1/org.lwjgl/lwjgl-opengl/3.2.3/7f14db5da9aa7951efe88993f519d7d38ad6e46b/lwjgl-opengl-3.2.3-natives-linux.jar:/home/daniel/.gradle/caches/modules-2/files-2.1/org.lwjgl/lwjgl-openvr/3.2.3/ea19076fc886f2e8a95b50a7f95401606b5282ff/lwjgl-openvr-3.2.3.jar:/home/daniel/.gradle/caches/modules-2/files-2.1/org.lwjgl/lwjgl-openvr/3.2.3/a7238fca64acb61f3b7508f4559ddc6c99d2026/lwjgl-openvr-3.2.3-natives-linux.jar:/home/daniel/.gradle/caches/modules-2/files-2.1/org.lwjgl/lwjgl-stb/3.2.3/40eccaa4fa8
Launcher Type: SUN_STANDARD

[Global flags]
     intx CICompilerCount                          = 4                                         {product} {ergonomic}
     uint ConcGCThreads                            = 2                                         {product} {ergonomic}
     uint G1ConcRefinementThreads                  = 8                                         {product} {ergonomic}
   size_t G1HeapRegionSize                         = 1048576                                   {product} {ergonomic}
    uintx GCDrainStackTargetSize                   = 64                                        {product} {ergonomic}
   size_t InitialHeapSize                          = 264241152                                 {product} {ergonomic}
   size_t MarkStackSize                            = 4194304                                   {product} {ergonomic}
   size_t MaxHeapSize                              = 4198498304                                {product} {ergonomic}
   size_t MaxNewSize                               = 2518679552                                {product} {ergonomic}
   size_t MinHeapDeltaBytes                        = 1048576                                   {product} {ergonomic}
    uintx NonNMethodCodeHeapSize                   = 5836300                                {pd product} {ergonomic}
    uintx NonProfiledCodeHeapSize                  = 122910970                              {pd product} {ergonomic}
    uintx ProfiledCodeHeapSize                     = 122910970                              {pd product} {ergonomic}
    uintx ReservedCodeCacheSize                    = 251658240                              {pd product} {ergonomic}
     bool SegmentedCodeCache                       = true                                      {product} {ergonomic}
     bool UseCompressedClassPointers               = true                                 {lp64_product} {ergonomic}
     bool UseCompressedOops                        = true                                 {lp64_product} {ergonomic}
     bool UseG1GC                                  = true                                      {product} {ergonomic}

Logging:
Log output configuration:
 #0: stdout all=warning uptime,level,tags
 #1: stderr all=off uptime,level,tags

Environment Variables:
PATH=/home/daniel/.local/bin:/home/daniel/bin:/usr/local/sbin:/usr/local/bin:/usr/sbin:/usr/bin:/sbin:/bin:/usr/games:/usr/local/games:/snap/bin
USERNAME=daniel
SHELL=/bin/bash
DISPLAY=:1
LANG=en_GB.UTF-8

Signal Handlers:
SIGSEGV: [libjvm.so+0xe85e00], sa_mask[0]=11111111011111111101111111111110, sa_flags=SA_RESTART|SA_SIGINFO
SIGBUS: [libjvm.so+0xe85e00], sa_mask[0]=11111111011111111101111111111110, sa_flags=SA_RESTART|SA_SIGINFO
SIGFPE: [libjvm.so+0xe85e00], sa_mask[0]=11111111011111111101111111111110, sa_flags=SA_RESTART|SA_SIGINFO
SIGPIPE: [libjvm.so+0xbcbc30], sa_mask[0]=11111111011111111101111111111110, sa_flags=SA_RESTART|SA_SIGINFO
SIGXFSZ: [libjvm.so+0xbcbc30], sa_mask[0]=11111111011111111101111111111110, sa_flags=SA_RESTART|SA_SIGINFO
SIGILL: [libjvm.so+0xe85e00], sa_mask[0]=11111111011111111101111111111110, sa_flags=SA_RESTART|SA_SIGINFO
SIGUSR2: [libjvm.so+0xbcbad0], sa_mask[0]=00100000000000000000000000000000, sa_flags=SA_RESTART|SA_SIGINFO
SIGHUP: [libjvm.so+0xbcbf70], sa_mask[0]=11111111011111111101111111111110, sa_flags=SA_RESTART|SA_SIGINFO
SIGINT: [libjvm.so+0xbcbf70], sa_mask[0]=11111111011111111101111111111110, sa_flags=SA_RESTART|SA_SIGINFO
SIGTERM: [libjvm.so+0xbcbf70], sa_mask[0]=11111111011111111101111111111110, sa_flags=SA_RESTART|SA_SIGINFO
SIGQUIT: [libjvm.so+0xbcbf70], sa_mask[0]=11111111011111111101111111111110, sa_flags=SA_RESTART|SA_SIGINFO


---------------  S Y S T E M  ---------------

OS:DISTRIB_ID=Ubuntu
DISTRIB_RELEASE=20.04
DISTRIB_CODENAME=focal
DISTRIB_DESCRIPTION="Ubuntu 20.04.2 LTS"
uname:Linux 5.8.0-43-generic #49~20.04.1-Ubuntu SMP Fri Feb 5 09:57:56 UTC 2021 x86_64
OS uptime: 0 days 2:57 hours
libc:glibc 2.31 NPTL 2.31 
rlimit (soft/hard): STACK 8192k/infinity , CORE 0k/infinity , NPROC 63549/63549 , NOFILE 1048576/1048576 , AS infinity/infinity , CPU infinity/infinity , DATA infinity/infinity , FSIZE infinity/infinity , MEMLOCK 65536k/65536k
load average:0.30 0.51 0.37

/proc/meminfo:
MemTotal:       16393028 kB
MemFree:         7406504 kB
MemAvailable:   11462356 kB
Buffers:          263492 kB
Cached:          3823904 kB
SwapCached:            0 kB
Active:          6076652 kB
Inactive:        1791332 kB
Active(anon):    3753796 kB
Inactive(anon):   166724 kB
Active(file):    2322856 kB
Inactive(file):  1624608 kB
Unevictable:          32 kB
Mlocked:              32 kB
SwapTotal:       2097148 kB
SwapFree:        2097148 kB
Dirty:              3292 kB
Writeback:             0 kB
AnonPages:       3780676 kB
Mapped:          1177500 kB
Shmem:            169184 kB
KReclaimable:     444372 kB
Slab:             815340 kB
SReclaimable:     444372 kB
SUnreclaim:       370968 kB
KernelStack:       22640 kB
PageTables:        37684 kB
NFS_Unstable:          0 kB
Bounce:                0 kB
WritebackTmp:          0 kB
CommitLimit:    10293660 kB
Committed_AS:   11767256 kB
VmallocTotal:   34359738367 kB
VmallocUsed:       65036 kB
VmallocChunk:          0 kB
Percpu:            48640 kB
HardwareCorrupted:     0 kB
AnonHugePages:         0 kB
ShmemHugePages:        0 kB
ShmemPmdMapped:        0 kB
FileHugePages:         0 kB
FilePmdMapped:         0 kB
HugePages_Total:       0
HugePages_Free:        0
HugePages_Rsvd:        0
HugePages_Surp:        0
Hugepagesize:       2048 kB
Hugetlb:               0 kB
DirectMap4k:      786800 kB
DirectMap2M:    11732992 kB
DirectMap1G:     5242880 kB

/sys/kernel/mm/transparent_hugepage/enabled:
always [madvise] never
/sys/kernel/mm/transparent_hugepage/defrag (defrag/compaction efforts parameter):
always defer defer+madvise [madvise] never

/proc/sys/kernel/threads-max (system-wide limit on the number of threads):
127099
/proc/sys/vm/max_map_count (maximum number of memory map areas a process may have):
65530
/proc/sys/kernel/pid_max (system-wide limit on number of process identifiers):
4194304

container (cgroup) information:
container_type: cgroupv1
cpu_cpuset_cpus: 0-7
cpu_memory_nodes: 0
active_processor_count: 8
cpu_quota: -1
cpu_period: 100000
cpu_shares: -1
memory_limit_in_bytes: -1
memory_and_swap_limit_in_bytes: -1
memory_soft_limit_in_bytes: -1
memory_usage_in_bytes: 1723863040
memory_max_usage_in_bytes: 1841598464

Steal ticks since vm start: 0
Steal ticks percentage since vm start:  0.000

CPU:total 8 (initial active 8) (8 cores per cpu, 2 threads per core) family 23 model 113 stepping 0 microcode 0x8701021, cmov, cx8, fxsr, mmx, sse, sse2, sse3, ssse3, sse4.1, sse4.2, popcnt, avx, avx2, aes, clmul, mmxext, 3dnowpref, lzcnt, sse4a, ht, tsc, tscinvbit, tscinv, bmi1, bmi2,
CPU Model and flags from /proc/cpuinfo:
model name	: AMD Ryzen 3 3100 4-Core Processor
flags		: fpu vme de pse tsc msr pae mce cx8 apic sep mtrr pge mca cmov pat pse36 clflush mmx fxsr sse sse2 ht syscall nx mmxext fxsr_opt pdpe1gb rdtscp lm constant_tsc rep_good nopl nonstop_tsc cpuid extd_apicid aperfmperf pni pclmulqdq monitor ssse3 fma cx16 sse4_1 sse4_2 movbe popcnt aes xsave avx f16c rdrand lahf_lm cmp_legacy svm extapic cr8_legacy abm sse4a misalignsse 3dnowprefetch osvw ibs skinit wdt tce topoext perfctr_core perfctr_nb bpext perfctr_llc mwaitx cpb cat_l3 cdp_l3 hw_pstate sme ssbd mba sev ibpb stibp vmmcall fsgsbase bmi1 avx2 smep bmi2 cqm rdt_a rdseed adx smap clflushopt clwb sha_ni xsaveopt xsavec xgetbv1 xsaves cqm_llc cqm_occup_llc cqm_mbm_total cqm_mbm_local clzero irperf xsaveerptr rdpru wbnoinvd arat npt lbrv svm_lock nrip_save tsc_scale vmcb_clean flushbyasid decodeassists pausefilter pfthreshold avic v_vmsave_vmload vgif umip rdpid overflow_recov succor smca
Online cpus:
0-7
Offline cpus:
8-31
BIOS frequency limitation:
3800000
Frequency switch latency (ns):
0
Available cpu frequencies:
3800000 2800000 2200000 
Current governor:
ondemand
Core performance/turbo boost:
1

Memory: 4k page, physical 16393028k(7406504k free), swap 2097148k(2097148k free)

vm_info: OpenJDK 64-Bit Server VM (11.0.10+9-Ubuntu-0ubuntu1.20.04) for linux-amd64 JRE (11.0.10+9-Ubuntu-0ubuntu1.20.04), built on Jan 20 2021 02:32:18 by "unknown" with gcc 9.3.0

END.
